[1.277s] Invoking command in '/home/jetson/ros2_ws/src/fall_accident_judgement': PYTHONPATH=/home/jetson/ros2_ws/build/fall_accident_judgement/prefix_override:/usr/lib/python3/dist-packages/colcon_core/task/python/colcon_distutils_commands:/home/jetson/ros2_ws/install/fall_accident_judgement/lib/python3.10/site-packages:${PYTHONPATH} /usr/bin/python3 -W ignore:setup.py install is deprecated -W ignore:easy_install command is deprecated setup.py egg_info --egg-base ../../build/fall_accident_judgement build --build-base /home/jetson/ros2_ws/build/fall_accident_judgement/build install --record /home/jetson/ros2_ws/build/fall_accident_judgement/install.log --single-version-externally-managed install_data
[1.766s] running egg_info
[1.767s] creating ../../build/fall_accident_judgement/fall_accident_jedgement.egg-info
[1.767s] writing ../../build/fall_accident_judgement/fall_accident_jedgement.egg-info/PKG-INFO
[1.768s] writing dependency_links to ../../build/fall_accident_judgement/fall_accident_jedgement.egg-info/dependency_links.txt
[1.768s] writing entry points to ../../build/fall_accident_judgement/fall_accident_jedgement.egg-info/entry_points.txt
[1.768s] writing requirements to ../../build/fall_accident_judgement/fall_accident_jedgement.egg-info/requires.txt
[1.769s] writing top-level names to ../../build/fall_accident_judgement/fall_accident_jedgement.egg-info/top_level.txt
[1.769s] writing manifest file '../../build/fall_accident_judgement/fall_accident_jedgement.egg-info/SOURCES.txt'
[1.772s] reading manifest file '../../build/fall_accident_judgement/fall_accident_jedgement.egg-info/SOURCES.txt'
[1.774s] writing manifest file '../../build/fall_accident_judgement/fall_accident_jedgement.egg-info/SOURCES.txt'
[1.774s] running build
[1.774s] running build_py
[1.774s] creating /home/jetson/ros2_ws/build/fall_accident_judgement/build
[1.774s] creating /home/jetson/ros2_ws/build/fall_accident_judgement/build/lib
[1.775s] creating /home/jetson/ros2_ws/build/fall_accident_judgement/build/lib/fall_accident_judgement
[1.775s] copying fall_accident_judgement/judgement_node.py -> /home/jetson/ros2_ws/build/fall_accident_judgement/build/lib/fall_accident_judgement
[1.775s] copying fall_accident_judgement/__init__.py -> /home/jetson/ros2_ws/build/fall_accident_judgement/build/lib/fall_accident_judgement
[1.775s] running install
[1.776s] running install_lib
[1.777s] creating /home/jetson/ros2_ws/install/fall_accident_judgement/lib/python3.10/site-packages/fall_accident_judgement
[1.777s] copying /home/jetson/ros2_ws/build/fall_accident_judgement/build/lib/fall_accident_judgement/judgement_node.py -> /home/jetson/ros2_ws/install/fall_accident_judgement/lib/python3.10/site-packages/fall_accident_judgement
[1.777s] copying /home/jetson/ros2_ws/build/fall_accident_judgement/build/lib/fall_accident_judgement/__init__.py -> /home/jetson/ros2_ws/install/fall_accident_judgement/lib/python3.10/site-packages/fall_accident_judgement
[1.778s] byte-compiling /home/jetson/ros2_ws/install/fall_accident_judgement/lib/python3.10/site-packages/fall_accident_judgement/judgement_node.py to judgement_node.cpython-310.pyc
[1.780s] byte-compiling /home/jetson/ros2_ws/install/fall_accident_judgement/lib/python3.10/site-packages/fall_accident_judgement/__init__.py to __init__.cpython-310.pyc
[1.780s] running install_data
[1.781s] error: can't copy 'resource/fall_accident_jedgement': doesn't exist or not a regular file
[1.833s] Invoked command in '/home/jetson/ros2_ws/src/fall_accident_judgement' returned '1': PYTHONPATH=/home/jetson/ros2_ws/build/fall_accident_judgement/prefix_override:/usr/lib/python3/dist-packages/colcon_core/task/python/colcon_distutils_commands:/home/jetson/ros2_ws/install/fall_accident_judgement/lib/python3.10/site-packages:${PYTHONPATH} /usr/bin/python3 -W ignore:setup.py install is deprecated -W ignore:easy_install command is deprecated setup.py egg_info --egg-base ../../build/fall_accident_judgement build --build-base /home/jetson/ros2_ws/build/fall_accident_judgement/build install --record /home/jetson/ros2_ws/build/fall_accident_judgement/install.log --single-version-externally-managed install_data
