[1.281s] Invoking command in '/home/jetson/ros2_ws/src/upload_accident': PYTHONPATH=/home/jetson/ros2_ws/build/upload_accident/prefix_override:/usr/lib/python3/dist-packages/colcon_core/task/python/colcon_distutils_commands:/home/jetson/ros2_ws/install/upload_accident/lib/python3.10/site-packages:${PYTHONPATH} /usr/bin/python3 -W ignore:setup.py install is deprecated -W ignore:easy_install command is deprecated setup.py egg_info --egg-base ../../build/upload_accident build --build-base /home/jetson/ros2_ws/build/upload_accident/build install --record /home/jetson/ros2_ws/build/upload_accident/install.log --single-version-externally-managed install_data
[1.769s] running egg_info
[1.770s] creating ../../build/upload_accident/upload_accident.egg-info
[1.770s] writing ../../build/upload_accident/upload_accident.egg-info/PKG-INFO
[1.771s] writing dependency_links to ../../build/upload_accident/upload_accident.egg-info/dependency_links.txt
[1.771s] writing entry points to ../../build/upload_accident/upload_accident.egg-info/entry_points.txt
[1.771s] writing requirements to ../../build/upload_accident/upload_accident.egg-info/requires.txt
[1.771s] writing top-level names to ../../build/upload_accident/upload_accident.egg-info/top_level.txt
[1.772s] writing manifest file '../../build/upload_accident/upload_accident.egg-info/SOURCES.txt'
[1.775s] reading manifest file '../../build/upload_accident/upload_accident.egg-info/SOURCES.txt'
[1.776s] writing manifest file '../../build/upload_accident/upload_accident.egg-info/SOURCES.txt'
[1.776s] running build
[1.776s] running build_py
[1.777s] creating /home/jetson/ros2_ws/build/upload_accident/build
[1.777s] creating /home/jetson/ros2_ws/build/upload_accident/build/lib
[1.777s] creating /home/jetson/ros2_ws/build/upload_accident/build/lib/upload_accident
[1.777s] copying upload_accident/upload_accident_node.py -> /home/jetson/ros2_ws/build/upload_accident/build/lib/upload_accident
[1.777s] copying upload_accident/__init__.py -> /home/jetson/ros2_ws/build/upload_accident/build/lib/upload_accident
[1.778s] running install
[1.778s] running install_lib
[1.779s] creating /home/jetson/ros2_ws/install/upload_accident/lib/python3.10/site-packages/upload_accident
[1.780s] copying /home/jetson/ros2_ws/build/upload_accident/build/lib/upload_accident/upload_accident_node.py -> /home/jetson/ros2_ws/install/upload_accident/lib/python3.10/site-packages/upload_accident
[1.780s] copying /home/jetson/ros2_ws/build/upload_accident/build/lib/upload_accident/__init__.py -> /home/jetson/ros2_ws/install/upload_accident/lib/python3.10/site-packages/upload_accident
[1.781s] byte-compiling /home/jetson/ros2_ws/install/upload_accident/lib/python3.10/site-packages/upload_accident/upload_accident_node.py to upload_accident_node.cpython-310.pyc
[1.782s] byte-compiling /home/jetson/ros2_ws/install/upload_accident/lib/python3.10/site-packages/upload_accident/__init__.py to __init__.cpython-310.pyc
[1.783s] running install_data
[1.783s] creating /home/jetson/ros2_ws/install/upload_accident/share/ament_index
[1.783s] creating /home/jetson/ros2_ws/install/upload_accident/share/ament_index/resource_index
[1.783s] creating /home/jetson/ros2_ws/install/upload_accident/share/ament_index/resource_index/packages
[1.783s] copying resource/upload_accident -> /home/jetson/ros2_ws/install/upload_accident/share/ament_index/resource_index/packages
[1.783s] copying package.xml -> /home/jetson/ros2_ws/install/upload_accident/share/upload_accident
[1.783s] running install_egg_info
[1.787s] Copying ../../build/upload_accident/upload_accident.egg-info to /home/jetson/ros2_ws/install/upload_accident/lib/python3.10/site-packages/upload_accident-0.0.0-py3.10.egg-info
[1.789s] running install_scripts
[1.826s] Installing upload_accident_node script to /home/jetson/ros2_ws/install/upload_accident/lib/upload_accident
[1.827s] writing list of installed files to '/home/jetson/ros2_ws/build/upload_accident/install.log'
[1.890s] Invoked command in '/home/jetson/ros2_ws/src/upload_accident' returned '0': PYTHONPATH=/home/jetson/ros2_ws/build/upload_accident/prefix_override:/usr/lib/python3/dist-packages/colcon_core/task/python/colcon_distutils_commands:/home/jetson/ros2_ws/install/upload_accident/lib/python3.10/site-packages:${PYTHONPATH} /usr/bin/python3 -W ignore:setup.py install is deprecated -W ignore:easy_install command is deprecated setup.py egg_info --egg-base ../../build/upload_accident build --build-base /home/jetson/ros2_ws/build/upload_accident/build install --record /home/jetson/ros2_ws/build/upload_accident/install.log --single-version-externally-managed install_data
