[2.664s] Invoking command in '/home/jetson/ros2_ws/src/robot_bringup': PYTHONPATH=/home/jetson/ros2_ws/build/robot_bringup/prefix_override:/usr/lib/python3/dist-packages/colcon_core/task/python/colcon_distutils_commands:/home/jetson/ros2_ws/install/robot_bringup/lib/python3.10/site-packages:${PYTHONPATH} /usr/bin/python3 -W ignore:setup.py install is deprecated -W ignore:easy_install command is deprecated setup.py egg_info --egg-base ../../build/robot_bringup build --build-base /home/jetson/ros2_ws/build/robot_bringup/build install --record /home/jetson/ros2_ws/build/robot_bringup/install.log --single-version-externally-managed install_data
[3.206s] running egg_info
[3.208s] writing ../../build/robot_bringup/robot_bringup.egg-info/PKG-INFO
[3.213s] writing dependency_links to ../../build/robot_bringup/robot_bringup.egg-info/dependency_links.txt
[3.214s] writing entry points to ../../build/robot_bringup/robot_bringup.egg-info/entry_points.txt
[3.214s] writing requirements to ../../build/robot_bringup/robot_bringup.egg-info/requires.txt
[3.215s] writing top-level names to ../../build/robot_bringup/robot_bringup.egg-info/top_level.txt
[3.220s] reading manifest file '../../build/robot_bringup/robot_bringup.egg-info/SOURCES.txt'
[3.223s] writing manifest file '../../build/robot_bringup/robot_bringup.egg-info/SOURCES.txt'
[3.223s] running build
[3.223s] running build_py
[3.226s] running install
[3.227s] running install_lib
[3.245s] running install_data
[3.248s] running install_egg_info
[3.252s] removing '/home/jetson/ros2_ws/install/robot_bringup/lib/python3.10/site-packages/robot_bringup-0.0.0-py3.10.egg-info' (and everything under it)
[3.253s] Copying ../../build/robot_bringup/robot_bringup.egg-info to /home/jetson/ros2_ws/install/robot_bringup/lib/python3.10/site-packages/robot_bringup-0.0.0-py3.10.egg-info
[3.255s] running install_scripts
[3.299s] writing list of installed files to '/home/jetson/ros2_ws/build/robot_bringup/install.log'
[3.606s] Invoked command in '/home/jetson/ros2_ws/src/robot_bringup' returned '0': PYTHONPATH=/home/jetson/ros2_ws/build/robot_bringup/prefix_override:/usr/lib/python3/dist-packages/colcon_core/task/python/colcon_distutils_commands:/home/jetson/ros2_ws/install/robot_bringup/lib/python3.10/site-packages:${PYTHONPATH} /usr/bin/python3 -W ignore:setup.py install is deprecated -W ignore:easy_install command is deprecated setup.py egg_info --egg-base ../../build/robot_bringup build --build-base /home/jetson/ros2_ws/build/robot_bringup/build install --record /home/jetson/ros2_ws/build/robot_bringup/install.log --single-version-externally-managed install_data
