[35m[1mConsolidate compiler generated dependencies of target pca_drive_node[0m
[100%] Built target pca_drive_node
-- Install configuration: ""
-- Execute custom install script
-- Up-to-date symlink: /home/jetson/ros2_ws/install/pca_drive/lib/pca_drive/pca_drive_node
-- Up-to-date symlink: /home/jetson/ros2_ws/install/pca_drive/share/ament_index/resource_index/package_run_dependencies/pca_drive
-- Up-to-date symlink: /home/jetson/ros2_ws/install/pca_drive/share/ament_index/resource_index/parent_prefix_path/pca_drive
-- Up-to-date symlink: /home/jetson/ros2_ws/install/pca_drive/share/pca_drive/environment/ament_prefix_path.sh
-- Up-to-date symlink: /home/jetson/ros2_ws/install/pca_drive/share/pca_drive/environment/ament_prefix_path.dsv
-- Up-to-date symlink: /home/jetson/ros2_ws/install/pca_drive/share/pca_drive/environment/path.sh
-- Up-to-date symlink: /home/jetson/ros2_ws/install/pca_drive/share/pca_drive/environment/path.dsv
-- Up-to-date symlink: /home/jetson/ros2_ws/install/pca_drive/share/pca_drive/local_setup.bash
-- Up-to-date symlink: /home/jetson/ros2_ws/install/pca_drive/share/pca_drive/local_setup.sh
-- Up-to-date symlink: /home/jetson/ros2_ws/install/pca_drive/share/pca_drive/local_setup.zsh
-- Up-to-date symlink: /home/jetson/ros2_ws/install/pca_drive/share/pca_drive/local_setup.dsv
-- Symlinking: /home/jetson/ros2_ws/install/pca_drive/share/pca_drive/package.dsv
-- Up-to-date symlink: /home/jetson/ros2_ws/install/pca_drive/share/ament_index/resource_index/packages/pca_drive
-- Up-to-date symlink: /home/jetson/ros2_ws/install/pca_drive/share/pca_drive/cmake/pca_driveConfig.cmake
-- Up-to-date symlink: /home/jetson/ros2_ws/install/pca_drive/share/pca_drive/cmake/pca_driveConfig-version.cmake
-- Up-to-date symlink: /home/jetson/ros2_ws/install/pca_drive/share/pca_drive/package.xml
