[1.714s] Invoking command in '/home/jetson/ros2_ws/src/upload_accident': PYTHONPATH=/home/jetson/ros2_ws/build/upload_accident/prefix_override:/usr/lib/python3/dist-packages/colcon_core/task/python/colcon_distutils_commands:/home/jetson/ros2_ws/install/upload_accident/lib/python3.10/site-packages:${PYTHONPATH} /usr/bin/python3 -W ignore:setup.py install is deprecated -W ignore:easy_install command is deprecated setup.py egg_info --egg-base ../../build/upload_accident build --build-base /home/jetson/ros2_ws/build/upload_accident/build install --record /home/jetson/ros2_ws/build/upload_accident/install.log --single-version-externally-managed install_data
[2.213s] running egg_info
[2.214s] creating ../../build/upload_accident/upload_accident.egg-info
[2.214s] writing ../../build/upload_accident/upload_accident.egg-info/PKG-INFO
[2.214s] writing dependency_links to ../../build/upload_accident/upload_accident.egg-info/dependency_links.txt
[2.215s] writing entry points to ../../build/upload_accident/upload_accident.egg-info/entry_points.txt
[2.215s] writing requirements to ../../build/upload_accident/upload_accident.egg-info/requires.txt
[2.215s] writing top-level names to ../../build/upload_accident/upload_accident.egg-info/top_level.txt
[2.215s] writing manifest file '../../build/upload_accident/upload_accident.egg-info/SOURCES.txt'
[2.219s] reading manifest file '../../build/upload_accident/upload_accident.egg-info/SOURCES.txt'
[2.220s] writing manifest file '../../build/upload_accident/upload_accident.egg-info/SOURCES.txt'
[2.221s] running build
[2.221s] running build_py
[2.221s] creating /home/jetson/ros2_ws/build/upload_accident/build
[2.221s] creating /home/jetson/ros2_ws/build/upload_accident/build/lib
[2.221s] creating /home/jetson/ros2_ws/build/upload_accident/build/lib/upload_accident
[2.221s] copying upload_accident/upload_accident_node.py -> /home/jetson/ros2_ws/build/upload_accident/build/lib/upload_accident
[2.225s] copying upload_accident/__init__.py -> /home/jetson/ros2_ws/build/upload_accident/build/lib/upload_accident
[2.225s] running install
[2.226s] running install_lib
[2.227s] creating /home/jetson/ros2_ws/install/upload_accident/lib/python3.10/site-packages/upload_accident
[2.228s] copying /home/jetson/ros2_ws/build/upload_accident/build/lib/upload_accident/upload_accident_node.py -> /home/jetson/ros2_ws/install/upload_accident/lib/python3.10/site-packages/upload_accident
[2.228s] copying /home/jetson/ros2_ws/build/upload_accident/build/lib/upload_accident/__init__.py -> /home/jetson/ros2_ws/install/upload_accident/lib/python3.10/site-packages/upload_accident
[2.229s] byte-compiling /home/jetson/ros2_ws/install/upload_accident/lib/python3.10/site-packages/upload_accident/upload_accident_node.py to upload_accident_node.cpython-310.pyc
[2.230s] byte-compiling /home/jetson/ros2_ws/install/upload_accident/lib/python3.10/site-packages/upload_accident/__init__.py to __init__.cpython-310.pyc
[2.230s] running install_data
[2.231s] creating /home/jetson/ros2_ws/install/upload_accident/share/ament_index
[2.231s] creating /home/jetson/ros2_ws/install/upload_accident/share/ament_index/resource_index
[2.231s] creating /home/jetson/ros2_ws/install/upload_accident/share/ament_index/resource_index/packages
[2.231s] copying resource/upload_accident -> /home/jetson/ros2_ws/install/upload_accident/share/ament_index/resource_index/packages
[2.231s] copying package.xml -> /home/jetson/ros2_ws/install/upload_accident/share/upload_accident
[2.231s] running install_egg_info
[2.235s] Copying ../../build/upload_accident/upload_accident.egg-info to /home/jetson/ros2_ws/install/upload_accident/lib/python3.10/site-packages/upload_accident-0.0.0-py3.10.egg-info
[2.236s] running install_scripts
[2.274s] Installing upload_accident_node script to /home/jetson/ros2_ws/install/upload_accident/lib/upload_accident
[2.274s] writing list of installed files to '/home/jetson/ros2_ws/build/upload_accident/install.log'
[2.336s] Invoked command in '/home/jetson/ros2_ws/src/upload_accident' returned '0': PYTHONPATH=/home/jetson/ros2_ws/build/upload_accident/prefix_override:/usr/lib/python3/dist-packages/colcon_core/task/python/colcon_distutils_commands:/home/jetson/ros2_ws/install/upload_accident/lib/python3.10/site-packages:${PYTHONPATH} /usr/bin/python3 -W ignore:setup.py install is deprecated -W ignore:easy_install command is deprecated setup.py egg_info --egg-base ../../build/upload_accident build --build-base /home/jetson/ros2_ws/build/upload_accident/build install --record /home/jetson/ros2_ws/build/upload_accident/install.log --single-version-externally-managed install_data
