[1.374s] Invoking command in '/home/jetson/ros2_ws/build/yolo_detector': PYTHONPATH=/home/jetson/ros2_ws/build/yolo_detector/prefix_override:/usr/lib/python3/dist-packages/colcon_core/task/python/colcon_distutils_commands:/home/jetson/ros2_ws/install/yolo_detector/lib/python3.10/site-packages:${PYTHONPATH} /usr/bin/python3 -W ignore:setup.py install is deprecated -W ignore:easy_install command is deprecated setup.py develop --editable --build-directory /home/jetson/ros2_ws/build/yolo_detector/build --no-deps symlink_data
[1.949s] running develop
[2.288s] running egg_info
[2.288s] creating yolo_detector.egg-info
[2.288s] writing yolo_detector.egg-info/PKG-INFO
[2.289s] writing dependency_links to yolo_detector.egg-info/dependency_links.txt
[2.289s] writing entry points to yolo_detector.egg-info/entry_points.txt
[2.289s] writing requirements to yolo_detector.egg-info/requires.txt
[2.289s] writing top-level names to yolo_detector.egg-info/top_level.txt
[2.293s] writing manifest file 'yolo_detector.egg-info/SOURCES.txt'
[2.294s] reading manifest file 'yolo_detector.egg-info/SOURCES.txt'
[2.294s] writing manifest file 'yolo_detector.egg-info/SOURCES.txt'
[2.298s] running build_ext
[2.298s] Creating /home/jetson/ros2_ws/install/yolo_detector/lib/python3.10/site-packages/yolo-detector.egg-link (link to .)
[2.300s] Installing detect_node script to /home/jetson/ros2_ws/install/yolo_detector/lib/yolo_detector
[2.300s] 
[2.300s] Installed /home/jetson/ros2_ws/build/yolo_detector
[2.300s] running symlink_data
[2.300s] creating /home/jetson/ros2_ws/install/yolo_detector/share/ament_index
[2.301s] creating /home/jetson/ros2_ws/install/yolo_detector/share/ament_index/resource_index
[2.301s] creating /home/jetson/ros2_ws/install/yolo_detector/share/ament_index/resource_index/packages
[2.301s] symbolically linking /home/jetson/ros2_ws/build/yolo_detector/resource/yolo_detector -> /home/jetson/ros2_ws/install/yolo_detector/share/ament_index/resource_index/packages
[2.301s] symbolically linking /home/jetson/ros2_ws/build/yolo_detector/package.xml -> /home/jetson/ros2_ws/install/yolo_detector/share/yolo_detector
[2.301s] creating /home/jetson/ros2_ws/install/yolo_detector/share/yolo_detector/models
[2.301s] symbolically linking /home/jetson/ros2_ws/build/yolo_detector/models/best.onnx -> /home/jetson/ros2_ws/install/yolo_detector/share/yolo_detector/models
[2.301s] symbolically linking /home/jetson/ros2_ws/build/yolo_detector/models/best.pt -> /home/jetson/ros2_ws/install/yolo_detector/share/yolo_detector/models
[2.302s] symbolically linking /home/jetson/ros2_ws/build/yolo_detector/models/best.engine -> /home/jetson/ros2_ws/install/yolo_detector/share/yolo_detector/models
[2.382s] Invoked command in '/home/jetson/ros2_ws/build/yolo_detector' returned '0': PYTHONPATH=/home/jetson/ros2_ws/build/yolo_detector/prefix_override:/usr/lib/python3/dist-packages/colcon_core/task/python/colcon_distutils_commands:/home/jetson/ros2_ws/install/yolo_detector/lib/python3.10/site-packages:${PYTHONPATH} /usr/bin/python3 -W ignore:setup.py install is deprecated -W ignore:easy_install command is deprecated setup.py develop --editable --build-directory /home/jetson/ros2_ws/build/yolo_detector/build --no-deps symlink_data
