running egg_info
writing ../../build/fall_accident_judgement/fall_accident_judgement.egg-info/PKG-INFO
writing dependency_links to ../../build/fall_accident_judgement/fall_accident_judgement.egg-info/dependency_links.txt
writing entry points to ../../build/fall_accident_judgement/fall_accident_judgement.egg-info/entry_points.txt
writing requirements to ../../build/fall_accident_judgement/fall_accident_judgement.egg-info/requires.txt
writing top-level names to ../../build/fall_accident_judgement/fall_accident_judgement.egg-info/top_level.txt
reading manifest file '../../build/fall_accident_judgement/fall_accident_judgement.egg-info/SOURCES.txt'
writing manifest file '../../build/fall_accident_judgement/fall_accident_judgement.egg-info/SOURCES.txt'
running build
running build_py
copying fall_accident_judgement/judgement_node.py -> /home/jetson/ros2_ws/build/fall_accident_judgement/build/lib/fall_accident_judgement
running install
running install_lib
copying /home/jetson/ros2_ws/build/fall_accident_judgement/build/lib/fall_accident_judgement/judgement_node.py -> /home/jetson/ros2_ws/install/fall_accident_judgement/lib/python3.10/site-packages/fall_accident_judgement
byte-compiling /home/jetson/ros2_ws/install/fall_accident_judgement/lib/python3.10/site-packages/fall_accident_judgement/judgement_node.py to judgement_node.cpython-310.pyc
running install_data
running install_egg_info
removing '/home/jetson/ros2_ws/install/fall_accident_judgement/lib/python3.10/site-packages/fall_accident_judgement-0.0.0-py3.10.egg-info' (and everything under it)
Copying ../../build/fall_accident_judgement/fall_accident_judgement.egg-info to /home/jetson/ros2_ws/install/fall_accident_judgement/lib/python3.10/site-packages/fall_accident_judgement-0.0.0-py3.10.egg-info
running install_scripts
Installing judgement_node script to /home/jetson/ros2_ws/install/fall_accident_judgement/lib/fall_accident_judgement
writing list of installed files to '/home/jetson/ros2_ws/build/fall_accident_judgement/install.log'
