[1.667s] Invoking command in '/home/jetson/ros2_ws/src/fall_accident_judgement': PYTHONPATH=/home/jetson/ros2_ws/build/fall_accident_judgement/prefix_override:/usr/lib/python3/dist-packages/colcon_core/task/python/colcon_distutils_commands:/home/jetson/ros2_ws/install/fall_accident_judgement/lib/python3.10/site-packages:${PYTHONPATH} /usr/bin/python3 -W ignore:setup.py install is deprecated -W ignore:easy_install command is deprecated setup.py egg_info --egg-base ../../build/fall_accident_judgement build --build-base /home/jetson/ros2_ws/build/fall_accident_judgement/build install --record /home/jetson/ros2_ws/build/fall_accident_judgement/install.log --single-version-externally-managed install_data
[2.203s] running egg_info
[2.204s] writing ../../build/fall_accident_judgement/fall_accident_judgement.egg-info/PKG-INFO
[2.208s] writing dependency_links to ../../build/fall_accident_judgement/fall_accident_judgement.egg-info/dependency_links.txt
[2.209s] writing entry points to ../../build/fall_accident_judgement/fall_accident_judgement.egg-info/entry_points.txt
[2.209s] writing requirements to ../../build/fall_accident_judgement/fall_accident_judgement.egg-info/requires.txt
[2.209s] writing top-level names to ../../build/fall_accident_judgement/fall_accident_judgement.egg-info/top_level.txt
[2.213s] reading manifest file '../../build/fall_accident_judgement/fall_accident_judgement.egg-info/SOURCES.txt'
[2.215s] writing manifest file '../../build/fall_accident_judgement/fall_accident_judgement.egg-info/SOURCES.txt'
[2.215s] running build
[2.215s] running build_py
[2.217s] copying fall_accident_judgement/judgement_node.py -> /home/jetson/ros2_ws/build/fall_accident_judgement/build/lib/fall_accident_judgement
[2.218s] running install
[2.218s] running install_lib
[2.220s] copying /home/jetson/ros2_ws/build/fall_accident_judgement/build/lib/fall_accident_judgement/judgement_node.py -> /home/jetson/ros2_ws/install/fall_accident_judgement/lib/python3.10/site-packages/fall_accident_judgement
[2.222s] byte-compiling /home/jetson/ros2_ws/install/fall_accident_judgement/lib/python3.10/site-packages/fall_accident_judgement/judgement_node.py to judgement_node.cpython-310.pyc
[2.223s] running install_data
[2.224s] running install_egg_info
[2.227s] removing '/home/jetson/ros2_ws/install/fall_accident_judgement/lib/python3.10/site-packages/fall_accident_judgement-0.0.0-py3.10.egg-info' (and everything under it)
[2.228s] Copying ../../build/fall_accident_judgement/fall_accident_judgement.egg-info to /home/jetson/ros2_ws/install/fall_accident_judgement/lib/python3.10/site-packages/fall_accident_judgement-0.0.0-py3.10.egg-info
[2.231s] running install_scripts
[2.270s] Installing judgement_node script to /home/jetson/ros2_ws/install/fall_accident_judgement/lib/fall_accident_judgement
[2.273s] writing list of installed files to '/home/jetson/ros2_ws/build/fall_accident_judgement/install.log'
[2.431s] Invoked command in '/home/jetson/ros2_ws/src/fall_accident_judgement' returned '0': PYTHONPATH=/home/jetson/ros2_ws/build/fall_accident_judgement/prefix_override:/usr/lib/python3/dist-packages/colcon_core/task/python/colcon_distutils_commands:/home/jetson/ros2_ws/install/fall_accident_judgement/lib/python3.10/site-packages:${PYTHONPATH} /usr/bin/python3 -W ignore:setup.py install is deprecated -W ignore:easy_install command is deprecated setup.py egg_info --egg-base ../../build/fall_accident_judgement build --build-base /home/jetson/ros2_ws/build/fall_accident_judgement/build install --record /home/jetson/ros2_ws/build/fall_accident_judgement/install.log --single-version-externally-managed install_data
