[1.298s] Invoking command in '/home/jetson/ros2_ws/src/upload_accident': PYTHONPATH=/home/jetson/ros2_ws/build/upload_accident/prefix_override:/usr/lib/python3/dist-packages/colcon_core/task/python/colcon_distutils_commands:/home/jetson/ros2_ws/install/upload_accident/lib/python3.10/site-packages:${PYTHONPATH} /usr/bin/python3 -W ignore:setup.py install is deprecated -W ignore:easy_install command is deprecated setup.py egg_info --egg-base ../../build/upload_accident build --build-base /home/jetson/ros2_ws/build/upload_accident/build install --record /home/jetson/ros2_ws/build/upload_accident/install.log --single-version-externally-managed install_data
[1.787s] running egg_info
[1.787s] creating ../../build/upload_accident/upload_accident.egg-info
[1.788s] writing ../../build/upload_accident/upload_accident.egg-info/PKG-INFO
[1.788s] writing dependency_links to ../../build/upload_accident/upload_accident.egg-info/dependency_links.txt
[1.788s] writing entry points to ../../build/upload_accident/upload_accident.egg-info/entry_points.txt
[1.789s] writing requirements to ../../build/upload_accident/upload_accident.egg-info/requires.txt
[1.789s] writing top-level names to ../../build/upload_accident/upload_accident.egg-info/top_level.txt
[1.789s] writing manifest file '../../build/upload_accident/upload_accident.egg-info/SOURCES.txt'
[1.793s] reading manifest file '../../build/upload_accident/upload_accident.egg-info/SOURCES.txt'
[1.793s] writing manifest file '../../build/upload_accident/upload_accident.egg-info/SOURCES.txt'
[1.794s] running build
[1.794s] running build_py
[1.794s] creating /home/jetson/ros2_ws/build/upload_accident/build
[1.794s] creating /home/jetson/ros2_ws/build/upload_accident/build/lib
[1.794s] creating /home/jetson/ros2_ws/build/upload_accident/build/lib/upload_accident
[1.794s] copying upload_accident/upload_accident_node.py -> /home/jetson/ros2_ws/build/upload_accident/build/lib/upload_accident
[1.795s] copying upload_accident/__init__.py -> /home/jetson/ros2_ws/build/upload_accident/build/lib/upload_accident
[1.795s] running install
[1.796s] running install_lib
[1.797s] creating /home/jetson/ros2_ws/install/upload_accident/lib/python3.10/site-packages/upload_accident
[1.797s] copying /home/jetson/ros2_ws/build/upload_accident/build/lib/upload_accident/upload_accident_node.py -> /home/jetson/ros2_ws/install/upload_accident/lib/python3.10/site-packages/upload_accident
[1.797s] copying /home/jetson/ros2_ws/build/upload_accident/build/lib/upload_accident/__init__.py -> /home/jetson/ros2_ws/install/upload_accident/lib/python3.10/site-packages/upload_accident
[1.798s] byte-compiling /home/jetson/ros2_ws/install/upload_accident/lib/python3.10/site-packages/upload_accident/upload_accident_node.py to upload_accident_node.cpython-310.pyc
[1.800s] byte-compiling /home/jetson/ros2_ws/install/upload_accident/lib/python3.10/site-packages/upload_accident/__init__.py to __init__.cpython-310.pyc
[1.800s] running install_data
[1.800s] creating /home/jetson/ros2_ws/install/upload_accident/share/ament_index
[1.800s] creating /home/jetson/ros2_ws/install/upload_accident/share/ament_index/resource_index
[1.800s] creating /home/jetson/ros2_ws/install/upload_accident/share/ament_index/resource_index/packages
[1.801s] copying resource/upload_accident -> /home/jetson/ros2_ws/install/upload_accident/share/ament_index/resource_index/packages
[1.801s] copying package.xml -> /home/jetson/ros2_ws/install/upload_accident/share/upload_accident
[1.801s] running install_egg_info
[1.804s] Copying ../../build/upload_accident/upload_accident.egg-info to /home/jetson/ros2_ws/install/upload_accident/lib/python3.10/site-packages/upload_accident-0.0.0-py3.10.egg-info
[1.806s] running install_scripts
[1.844s] Installing upload_accident_node script to /home/jetson/ros2_ws/install/upload_accident/lib/upload_accident
[1.844s] writing list of installed files to '/home/jetson/ros2_ws/build/upload_accident/install.log'
[1.907s] Invoked command in '/home/jetson/ros2_ws/src/upload_accident' returned '0': PYTHONPATH=/home/jetson/ros2_ws/build/upload_accident/prefix_override:/usr/lib/python3/dist-packages/colcon_core/task/python/colcon_distutils_commands:/home/jetson/ros2_ws/install/upload_accident/lib/python3.10/site-packages:${PYTHONPATH} /usr/bin/python3 -W ignore:setup.py install is deprecated -W ignore:easy_install command is deprecated setup.py egg_info --egg-base ../../build/upload_accident build --build-base /home/jetson/ros2_ws/build/upload_accident/build install --record /home/jetson/ros2_ws/build/upload_accident/install.log --single-version-externally-managed install_data
