running egg_info
creating ../../build/no_ill_bringup/no_ill_bringup.egg-info
writing ../../build/no_ill_bringup/no_ill_bringup.egg-info/PKG-INFO
writing dependency_links to ../../build/no_ill_bringup/no_ill_bringup.egg-info/dependency_links.txt
writing entry points to ../../build/no_ill_bringup/no_ill_bringup.egg-info/entry_points.txt
writing requirements to ../../build/no_ill_bringup/no_ill_bringup.egg-info/requires.txt
writing top-level names to ../../build/no_ill_bringup/no_ill_bringup.egg-info/top_level.txt
writing manifest file '../../build/no_ill_bringup/no_ill_bringup.egg-info/SOURCES.txt'
reading manifest file '../../build/no_ill_bringup/no_ill_bringup.egg-info/SOURCES.txt'
writing manifest file '../../build/no_ill_bringup/no_ill_bringup.egg-info/SOURCES.txt'
running build
running build_py
creating /home/jetson/ros2_ws/build/no_ill_bringup/build
creating /home/jetson/ros2_ws/build/no_ill_bringup/build/lib
creating /home/jetson/ros2_ws/build/no_ill_bringup/build/lib/no_ill_bringup
copying no_ill_bringup/__init__.py -> /home/jetson/ros2_ws/build/no_ill_bringup/build/lib/no_ill_bringup
running install
running install_lib
creating /home/jetson/ros2_ws/install/no_ill_bringup/lib/python3.10/site-packages/no_ill_bringup
copying /home/jetson/ros2_ws/build/no_ill_bringup/build/lib/no_ill_bringup/__init__.py -> /home/jetson/ros2_ws/install/no_ill_bringup/lib/python3.10/site-packages/no_ill_bringup
byte-compiling /home/jetson/ros2_ws/install/no_ill_bringup/lib/python3.10/site-packages/no_ill_bringup/__init__.py to __init__.cpython-310.pyc
running install_data
creating /home/jetson/ros2_ws/install/no_ill_bringup/share/ament_index
creating /home/jetson/ros2_ws/install/no_ill_bringup/share/ament_index/resource_index
creating /home/jetson/ros2_ws/install/no_ill_bringup/share/ament_index/resource_index/packages
copying resource/no_ill_bringup -> /home/jetson/ros2_ws/install/no_ill_bringup/share/ament_index/resource_index/packages
copying package.xml -> /home/jetson/ros2_ws/install/no_ill_bringup/share/no_ill_bringup
creating /home/jetson/ros2_ws/install/no_ill_bringup/share/no_ill_bringup/launch
creating /home/jetson/ros2_ws/install/no_ill_bringup/share/no_ill_bringup/config
copying config/nav2_params.yaml -> /home/jetson/ros2_ws/install/no_ill_bringup/share/no_ill_bringup/config
copying config/twist_mux.yaml -> /home/jetson/ros2_ws/install/no_ill_bringup/share/no_ill_bringup/config
creating /home/jetson/ros2_ws/install/no_ill_bringup/share/no_ill_bringup/maps
copying maps/home_map.pgm -> /home/jetson/ros2_ws/install/no_ill_bringup/share/no_ill_bringup/maps
copying maps/home_map.yaml -> /home/jetson/ros2_ws/install/no_ill_bringup/share/no_ill_bringup/maps
creating /home/jetson/ros2_ws/install/no_ill_bringup/share/no_ill_bringup/rviz
running install_egg_info
Copying ../../build/no_ill_bringup/no_ill_bringup.egg-info to /home/jetson/ros2_ws/install/no_ill_bringup/lib/python3.10/site-packages/no_ill_bringup-1.0.0-py3.10.egg-info
running install_scripts
writing list of installed files to '/home/jetson/ros2_ws/build/no_ill_bringup/install.log'
