[2.049s] Invoking command in '/home/jetson/ros2_ws/build/my_robot_bringup': PYTHONPATH=/home/jetson/ros2_ws/build/my_robot_bringup/prefix_override:/usr/lib/python3/dist-packages/colcon_core/task/python/colcon_distutils_commands:/home/jetson/ros2_ws/install/my_robot_bringup/lib/python3.10/site-packages:${PYTHONPATH} /usr/bin/python3 -W ignore:setup.py install is deprecated -W ignore:easy_install command is deprecated setup.py develop --uninstall --editable --build-directory /home/jetson/ros2_ws/build/my_robot_bringup/build
[2.617s] running develop
[2.980s] Removing /home/jetson/ros2_ws/install/my_robot_bringup/lib/python3.10/site-packages/my-robot-bringup.egg-link (link to .)
[3.383s] Invoked command in '/home/jetson/ros2_ws/build/my_robot_bringup' returned '0': PYTHONPATH=/home/jetson/ros2_ws/build/my_robot_bringup/prefix_override:/usr/lib/python3/dist-packages/colcon_core/task/python/colcon_distutils_commands:/home/jetson/ros2_ws/install/my_robot_bringup/lib/python3.10/site-packages:${PYTHONPATH} /usr/bin/python3 -W ignore:setup.py install is deprecated -W ignore:easy_install command is deprecated setup.py develop --uninstall --editable --build-directory /home/jetson/ros2_ws/build/my_robot_bringup/build
[3.385s] Invoking command in '/home/jetson/ros2_ws/src/my_robot_bringup': PYTHONPATH=/home/jetson/ros2_ws/build/my_robot_bringup/prefix_override:/usr/lib/python3/dist-packages/colcon_core/task/python/colcon_distutils_commands:/home/jetson/ros2_ws/install/my_robot_bringup/lib/python3.10/site-packages:${PYTHONPATH} /usr/bin/python3 -W ignore:setup.py install is deprecated -W ignore:easy_install command is deprecated setup.py egg_info --egg-base ../../build/my_robot_bringup build --build-base /home/jetson/ros2_ws/build/my_robot_bringup/build install --record /home/jetson/ros2_ws/build/my_robot_bringup/install.log --single-version-externally-managed install_data --force
[3.942s] running egg_info
[3.944s] writing ../../build/my_robot_bringup/my_robot_bringup.egg-info/PKG-INFO
[3.944s] writing dependency_links to ../../build/my_robot_bringup/my_robot_bringup.egg-info/dependency_links.txt
[3.945s] writing entry points to ../../build/my_robot_bringup/my_robot_bringup.egg-info/entry_points.txt
[3.946s] writing requirements to ../../build/my_robot_bringup/my_robot_bringup.egg-info/requires.txt
[3.946s] writing top-level names to ../../build/my_robot_bringup/my_robot_bringup.egg-info/top_level.txt
[3.960s] reading manifest file '../../build/my_robot_bringup/my_robot_bringup.egg-info/SOURCES.txt'
[3.965s] writing manifest file '../../build/my_robot_bringup/my_robot_bringup.egg-info/SOURCES.txt'
[3.966s] running build
[3.966s] running build_py
[3.967s] running install
[3.968s] running install_lib
[3.970s] creating /home/jetson/ros2_ws/install/my_robot_bringup/lib/python3.10/site-packages/my_robot_bringup
[3.970s] copying /home/jetson/ros2_ws/build/my_robot_bringup/build/lib/my_robot_bringup/__init__.py -> /home/jetson/ros2_ws/install/my_robot_bringup/lib/python3.10/site-packages/my_robot_bringup
[3.971s] byte-compiling /home/jetson/ros2_ws/install/my_robot_bringup/lib/python3.10/site-packages/my_robot_bringup/__init__.py to __init__.cpython-310.pyc
[3.972s] running install_data
[3.972s] copying resource/my_robot_bringup -> /home/jetson/ros2_ws/install/my_robot_bringup/share/ament_index/resource_index/packages
[3.973s] copying package.xml -> /home/jetson/ros2_ws/install/my_robot_bringup/share/my_robot_bringup
[3.974s] copying launch/mapping.launch.py -> /home/jetson/ros2_ws/install/my_robot_bringup/share/my_robot_bringup/launch
[3.975s] copying launch/teleop.launch.py -> /home/jetson/ros2_ws/install/my_robot_bringup/share/my_robot_bringup/launch
[3.977s] running install_egg_info
[3.983s] Copying ../../build/my_robot_bringup/my_robot_bringup.egg-info to /home/jetson/ros2_ws/install/my_robot_bringup/lib/python3.10/site-packages/my_robot_bringup-0.0.0-py3.10.egg-info
[3.987s] running install_scripts
[4.034s] writing list of installed files to '/home/jetson/ros2_ws/build/my_robot_bringup/install.log'
[4.379s] Invoked command in '/home/jetson/ros2_ws/src/my_robot_bringup' returned '0': PYTHONPATH=/home/jetson/ros2_ws/build/my_robot_bringup/prefix_override:/usr/lib/python3/dist-packages/colcon_core/task/python/colcon_distutils_commands:/home/jetson/ros2_ws/install/my_robot_bringup/lib/python3.10/site-packages:${PYTHONPATH} /usr/bin/python3 -W ignore:setup.py install is deprecated -W ignore:easy_install command is deprecated setup.py egg_info --egg-base ../../build/my_robot_bringup build --build-base /home/jetson/ros2_ws/build/my_robot_bringup/build install --record /home/jetson/ros2_ws/build/my_robot_bringup/install.log --single-version-externally-managed install_data --force
