[1.608s] Invoking command in '/home/jetson/ros2_ws/src/upload_accident': PYTHONPATH=/home/jetson/ros2_ws/build/upload_accident/prefix_override:/usr/lib/python3/dist-packages/colcon_core/task/python/colcon_distutils_commands:/home/jetson/ros2_ws/install/upload_accident/lib/python3.10/site-packages:${PYTHONPATH} /usr/bin/python3 -W ignore:setup.py install is deprecated -W ignore:easy_install command is deprecated setup.py egg_info --egg-base ../../build/upload_accident build --build-base /home/jetson/ros2_ws/build/upload_accident/build install --record /home/jetson/ros2_ws/build/upload_accident/install.log --single-version-externally-managed install_data
[2.111s] running egg_info
[2.113s] writing ../../build/upload_accident/upload_accident.egg-info/PKG-INFO
[2.113s] writing dependency_links to ../../build/upload_accident/upload_accident.egg-info/dependency_links.txt
[2.114s] writing entry points to ../../build/upload_accident/upload_accident.egg-info/entry_points.txt
[2.114s] writing requirements to ../../build/upload_accident/upload_accident.egg-info/requires.txt
[2.114s] writing top-level names to ../../build/upload_accident/upload_accident.egg-info/top_level.txt
[2.119s] reading manifest file '../../build/upload_accident/upload_accident.egg-info/SOURCES.txt'
[2.120s] writing manifest file '../../build/upload_accident/upload_accident.egg-info/SOURCES.txt'
[2.121s] running build
[2.121s] running build_py
[2.121s] running install
[2.122s] running install_lib
[2.125s] running install_data
[2.125s] running install_egg_info
[2.129s] removing '/home/jetson/ros2_ws/install/upload_accident/lib/python3.10/site-packages/upload_accident-0.0.0-py3.10.egg-info' (and everything under it)
[2.129s] Copying ../../build/upload_accident/upload_accident.egg-info to /home/jetson/ros2_ws/install/upload_accident/lib/python3.10/site-packages/upload_accident-0.0.0-py3.10.egg-info
[2.134s] running install_scripts
[2.176s] Installing upload_accident_node script to /home/jetson/ros2_ws/install/upload_accident/lib/upload_accident
[2.177s] writing list of installed files to '/home/jetson/ros2_ws/build/upload_accident/install.log'
[2.257s] Invoked command in '/home/jetson/ros2_ws/src/upload_accident' returned '0': PYTHONPATH=/home/jetson/ros2_ws/build/upload_accident/prefix_override:/usr/lib/python3/dist-packages/colcon_core/task/python/colcon_distutils_commands:/home/jetson/ros2_ws/install/upload_accident/lib/python3.10/site-packages:${PYTHONPATH} /usr/bin/python3 -W ignore:setup.py install is deprecated -W ignore:easy_install command is deprecated setup.py egg_info --egg-base ../../build/upload_accident build --build-base /home/jetson/ros2_ws/build/upload_accident/build install --record /home/jetson/ros2_ws/build/upload_accident/install.log --single-version-externally-managed install_data
