[35m[1mConsolidate compiler generated dependencies of target person_override_node[0m
[100%] Built target person_override_node
-- Install configuration: ""
-- Execute custom install script
-- Up-to-date symlink: /home/jetson/ros2_ws/install/person_override_pkg/lib/person_override_pkg/person_override_node
-- Up-to-date symlink: /home/jetson/ros2_ws/install/person_override_pkg/share/ament_index/resource_index/package_run_dependencies/person_override_pkg
-- Up-to-date symlink: /home/jetson/ros2_ws/install/person_override_pkg/share/ament_index/resource_index/parent_prefix_path/person_override_pkg
-- Up-to-date symlink: /home/jetson/ros2_ws/install/person_override_pkg/share/person_override_pkg/environment/ament_prefix_path.sh
-- Up-to-date symlink: /home/jetson/ros2_ws/install/person_override_pkg/share/person_override_pkg/environment/ament_prefix_path.dsv
-- Up-to-date symlink: /home/jetson/ros2_ws/install/person_override_pkg/share/person_override_pkg/environment/path.sh
-- Up-to-date symlink: /home/jetson/ros2_ws/install/person_override_pkg/share/person_override_pkg/environment/path.dsv
-- Up-to-date symlink: /home/jetson/ros2_ws/install/person_override_pkg/share/person_override_pkg/local_setup.bash
-- Up-to-date symlink: /home/jetson/ros2_ws/install/person_override_pkg/share/person_override_pkg/local_setup.sh
-- Up-to-date symlink: /home/jetson/ros2_ws/install/person_override_pkg/share/person_override_pkg/local_setup.zsh
-- Up-to-date symlink: /home/jetson/ros2_ws/install/person_override_pkg/share/person_override_pkg/local_setup.dsv
-- Symlinking: /home/jetson/ros2_ws/install/person_override_pkg/share/person_override_pkg/package.dsv
-- Up-to-date symlink: /home/jetson/ros2_ws/install/person_override_pkg/share/ament_index/resource_index/packages/person_override_pkg
-- Up-to-date symlink: /home/jetson/ros2_ws/install/person_override_pkg/share/person_override_pkg/cmake/person_override_pkgConfig.cmake
-- Up-to-date symlink: /home/jetson/ros2_ws/install/person_override_pkg/share/person_override_pkg/cmake/person_override_pkgConfig-version.cmake
-- Up-to-date symlink: /home/jetson/ros2_ws/install/person_override_pkg/share/person_override_pkg/package.xml
