running egg_info
creating ../../build/noili_bringup/noili_bringup.egg-info
writing ../../build/noili_bringup/noili_bringup.egg-info/PKG-INFO
writing dependency_links to ../../build/noili_bringup/noili_bringup.egg-info/dependency_links.txt
writing requirements to ../../build/noili_bringup/noili_bringup.egg-info/requires.txt
writing top-level names to ../../build/noili_bringup/noili_bringup.egg-info/top_level.txt
writing manifest file '../../build/noili_bringup/noili_bringup.egg-info/SOURCES.txt'
reading manifest file '../../build/noili_bringup/noili_bringup.egg-info/SOURCES.txt'
writing manifest file '../../build/noili_bringup/noili_bringup.egg-info/SOURCES.txt'
running build
running build_py
creating /home/jetson/ros2_ws/build/noili_bringup/build
creating /home/jetson/ros2_ws/build/noili_bringup/build/lib
creating /home/jetson/ros2_ws/build/noili_bringup/build/lib/noili_bringup
copying noili_bringup/__init__.py -> /home/jetson/ros2_ws/build/noili_bringup/build/lib/noili_bringup
running install
running install_lib
creating /home/jetson/ros2_ws/install/noili_bringup/lib/python3.10/site-packages/noili_bringup
copying /home/jetson/ros2_ws/build/noili_bringup/build/lib/noili_bringup/__init__.py -> /home/jetson/ros2_ws/install/noili_bringup/lib/python3.10/site-packages/noili_bringup
byte-compiling /home/jetson/ros2_ws/install/noili_bringup/lib/python3.10/site-packages/noili_bringup/__init__.py to __init__.cpython-310.pyc
running install_data
creating /home/jetson/ros2_ws/install/noili_bringup/share/ament_index
creating /home/jetson/ros2_ws/install/noili_bringup/share/ament_index/resource_index
creating /home/jetson/ros2_ws/install/noili_bringup/share/ament_index/resource_index/packages
copying resource/noili_bringup -> /home/jetson/ros2_ws/install/noili_bringup/share/ament_index/resource_index/packages
copying package.xml -> /home/jetson/ros2_ws/install/noili_bringup/share/noili_bringup
creating /home/jetson/ros2_ws/install/noili_bringup/share/noili_bringup/launch
copying launch/noill.sensors.launch.py -> /home/jetson/ros2_ws/install/noili_bringup/share/noili_bringup/launch
copying launch/noill_full.launch.py -> /home/jetson/ros2_ws/install/noili_bringup/share/noili_bringup/launch
creating /home/jetson/ros2_ws/install/noili_bringup/share/noili_bringup/config
copying config/nav2_params.yaml -> /home/jetson/ros2_ws/install/noili_bringup/share/noili_bringup/config
copying config/sensors.yaml -> /home/jetson/ros2_ws/install/noili_bringup/share/noili_bringup/config
copying config/twist_mux.yaml -> /home/jetson/ros2_ws/install/noili_bringup/share/noili_bringup/config
creating /home/jetson/ros2_ws/install/noili_bringup/share/noili_bringup/maps
creating /home/jetson/ros2_ws/install/noili_bringup/share/noili_bringup/rviz
running install_egg_info
Copying ../../build/noili_bringup/noili_bringup.egg-info to /home/jetson/ros2_ws/install/noili_bringup/lib/python3.10/site-packages/noili_bringup-1.0.0-py3.10.egg-info
running install_scripts
writing list of installed files to '/home/jetson/ros2_ws/build/noili_bringup/install.log'
