-- Found ament_cmake: 1.3.12 (/opt/ros/humble/share/ament_cmake/cmake)
-- Override CMake install command with custom implementation using symlinks instead of copying resources
-- Found rclcpp: 16.0.17 (/opt/ros/humble/share/rclcpp/cmake)
-- Found rosidl_generator_c: 3.1.8 (/opt/ros/humble/share/rosidl_generator_c/cmake)
-- Found rosidl_adapter: 3.1.8 (/opt/ros/humble/share/rosidl_adapter/cmake)
-- Found rosidl_generator_cpp: 3.1.8 (/opt/ros/humble/share/rosidl_generator_cpp/cmake)
-- Using all available rosidl_typesupport_c: rosidl_typesupport_fastrtps_c;rosidl_typesupport_introspection_c
-- Using all available rosidl_typesupport_cpp: rosidl_typesupport_fastrtps_cpp;rosidl_typesupport_introspection_cpp
-- Found rmw_implementation_cmake: 6.1.2 (/opt/ros/humble/share/rmw_implementation_cmake/cmake)
-- Found rmw_fastrtps_cpp: 6.2.9 (/opt/ros/humble/share/rmw_fastrtps_cpp/cmake)
-- Using RMW implementation 'rmw_fastrtps_cpp' as default
-- Found sensor_msgs: 4.9.0 (/opt/ros/humble/share/sensor_msgs/cmake)
-- Configuring done
-- Generating done
-- Build files have been written to: /home/jetson/ros2_ws/build/safety_override_pkg
[35m[1mConsolidate compiler generated dependencies of target safety_override_node[0m
[100%] Built target safety_override_node
-- Install configuration: ""
-- Execute custom install script
-- Up-to-date symlink: /home/jetson/ros2_ws/install/safety_override_pkg/lib/safety_override_pkg/safety_override_node
-- Up-to-date symlink: /home/jetson/ros2_ws/install/safety_override_pkg/share/ament_index/resource_index/package_run_dependencies/safety_override_pkg
-- Up-to-date symlink: /home/jetson/ros2_ws/install/safety_override_pkg/share/ament_index/resource_index/parent_prefix_path/safety_override_pkg
-- Up-to-date symlink: /home/jetson/ros2_ws/install/safety_override_pkg/share/safety_override_pkg/environment/ament_prefix_path.sh
-- Up-to-date symlink: /home/jetson/ros2_ws/install/safety_override_pkg/share/safety_override_pkg/environment/ament_prefix_path.dsv
-- Up-to-date symlink: /home/jetson/ros2_ws/install/safety_override_pkg/share/safety_override_pkg/environment/path.sh
-- Up-to-date symlink: /home/jetson/ros2_ws/install/safety_override_pkg/share/safety_override_pkg/environment/path.dsv
-- Up-to-date symlink: /home/jetson/ros2_ws/install/safety_override_pkg/share/safety_override_pkg/local_setup.bash
-- Up-to-date symlink: /home/jetson/ros2_ws/install/safety_override_pkg/share/safety_override_pkg/local_setup.sh
-- Up-to-date symlink: /home/jetson/ros2_ws/install/safety_override_pkg/share/safety_override_pkg/local_setup.zsh
-- Up-to-date symlink: /home/jetson/ros2_ws/install/safety_override_pkg/share/safety_override_pkg/local_setup.dsv
-- Symlinking: /home/jetson/ros2_ws/install/safety_override_pkg/share/safety_override_pkg/package.dsv
-- Up-to-date symlink: /home/jetson/ros2_ws/install/safety_override_pkg/share/ament_index/resource_index/packages/safety_override_pkg
-- Up-to-date symlink: /home/jetson/ros2_ws/install/safety_override_pkg/share/safety_override_pkg/cmake/safety_override_pkgConfig.cmake
-- Up-to-date symlink: /home/jetson/ros2_ws/install/safety_override_pkg/share/safety_override_pkg/cmake/safety_override_pkgConfig-version.cmake
-- Up-to-date symlink: /home/jetson/ros2_ws/install/safety_override_pkg/share/safety_override_pkg/package.xml
