[1.288s] Invoking command in '/home/jetson/ros2_ws/build/yolo_detector': PYTHONPATH=/home/jetson/ros2_ws/build/yolo_detector/prefix_override:/usr/lib/python3/dist-packages/colcon_core/task/python/colcon_distutils_commands:/home/jetson/ros2_ws/install/yolo_detector/lib/python3.10/site-packages:${PYTHONPATH} /usr/bin/python3 -W ignore:setup.py install is deprecated -W ignore:easy_install command is deprecated setup.py develop --editable --build-directory /home/jetson/ros2_ws/build/yolo_detector/build --no-deps symlink_data
[1.817s] running develop
[2.145s] running egg_info
[2.145s] creating yolo_detector.egg-info
[2.146s] writing yolo_detector.egg-info/PKG-INFO
[2.146s] writing dependency_links to yolo_detector.egg-info/dependency_links.txt
[2.146s] writing entry points to yolo_detector.egg-info/entry_points.txt
[2.146s] writing requirements to yolo_detector.egg-info/requires.txt
[2.147s] writing top-level names to yolo_detector.egg-info/top_level.txt
[2.147s] writing manifest file 'yolo_detector.egg-info/SOURCES.txt'
[2.151s] reading manifest file 'yolo_detector.egg-info/SOURCES.txt'
[2.152s] writing manifest file 'yolo_detector.egg-info/SOURCES.txt'
[2.155s] running build_ext
[2.156s] Creating /home/jetson/ros2_ws/install/yolo_detector/lib/python3.10/site-packages/yolo-detector.egg-link (link to .)
[2.157s] Installing detect_node script to /home/jetson/ros2_ws/install/yolo_detector/lib/yolo_detector
[2.158s] 
[2.158s] Installed /home/jetson/ros2_ws/build/yolo_detector
[2.158s] running symlink_data
[2.158s] creating /home/jetson/ros2_ws/install/yolo_detector/share/ament_index
[2.158s] creating /home/jetson/ros2_ws/install/yolo_detector/share/ament_index/resource_index
[2.158s] creating /home/jetson/ros2_ws/install/yolo_detector/share/ament_index/resource_index/packages
[2.158s] symbolically linking /home/jetson/ros2_ws/build/yolo_detector/resource/yolo_detector -> /home/jetson/ros2_ws/install/yolo_detector/share/ament_index/resource_index/packages
[2.159s] symbolically linking /home/jetson/ros2_ws/build/yolo_detector/package.xml -> /home/jetson/ros2_ws/install/yolo_detector/share/yolo_detector
[2.159s] creating /home/jetson/ros2_ws/install/yolo_detector/share/yolo_detector/models
[2.159s] symbolically linking /home/jetson/ros2_ws/build/yolo_detector/models/best.onnx -> /home/jetson/ros2_ws/install/yolo_detector/share/yolo_detector/models
[2.159s] symbolically linking /home/jetson/ros2_ws/build/yolo_detector/models/best.pt -> /home/jetson/ros2_ws/install/yolo_detector/share/yolo_detector/models
[2.159s] symbolically linking /home/jetson/ros2_ws/build/yolo_detector/models/best.engine -> /home/jetson/ros2_ws/install/yolo_detector/share/yolo_detector/models
[2.236s] Invoked command in '/home/jetson/ros2_ws/build/yolo_detector' returned '0': PYTHONPATH=/home/jetson/ros2_ws/build/yolo_detector/prefix_override:/usr/lib/python3/dist-packages/colcon_core/task/python/colcon_distutils_commands:/home/jetson/ros2_ws/install/yolo_detector/lib/python3.10/site-packages:${PYTHONPATH} /usr/bin/python3 -W ignore:setup.py install is deprecated -W ignore:easy_install command is deprecated setup.py develop --editable --build-directory /home/jetson/ros2_ws/build/yolo_detector/build --no-deps symlink_data
