-- Found ament_cmake: 1.3.12 (/opt/ros/humble/share/ament_cmake/cmake)
-- Override CMake install command with custom implementation using symlinks instead of copying resources
-- Found rclcpp: 16.0.17 (/opt/ros/humble/share/rclcpp/cmake)
-- Found rosidl_generator_c: 3.1.8 (/opt/ros/humble/share/rosidl_generator_c/cmake)
-- Found rosidl_adapter: 3.1.8 (/opt/ros/humble/share/rosidl_adapter/cmake)
-- Found rosidl_generator_cpp: 3.1.8 (/opt/ros/humble/share/rosidl_generator_cpp/cmake)
-- Using all available rosidl_typesupport_c: rosidl_typesupport_fastrtps_c;rosidl_typesupport_introspection_c
-- Using all available rosidl_typesupport_cpp: rosidl_typesupport_fastrtps_cpp;rosidl_typesupport_introspection_cpp
-- Found rmw_implementation_cmake: 6.1.2 (/opt/ros/humble/share/rmw_implementation_cmake/cmake)
-- Found rmw_fastrtps_cpp: 6.2.9 (/opt/ros/humble/share/rmw_fastrtps_cpp/cmake)
-- Using RMW implementation 'rmw_fastrtps_cpp' as default
-- Found geometry_msgs: 4.9.0 (/opt/ros/humble/share/geometry_msgs/cmake)
-- Found ament_lint_auto: 0.12.14 (/opt/ros/humble/share/ament_lint_auto/cmake)
-- Added test 'cppcheck' to perform static code analysis on C / C++ code
-- Configured cppcheck include dirs: 
-- Configured cppcheck exclude dirs and/or files: 
-- Added test 'lint_cmake' to check CMake code style
-- Added test 'uncrustify' to check C / C++ code style
-- Configured uncrustify additional arguments: 
-- Added test 'xmllint' to check XML markup files
-- Configuring done
-- Generating done
-- Build files have been written to: /home/jetson/ros2_ws/build/pca_drive
[35m[1mConsolidate compiler generated dependencies of target pca_drive_node[0m
[ 50%] [32mBuilding CXX object CMakeFiles/pca_drive_node.dir/src/pca_drive_node.cpp.o[0m
[100%] [32m[1mLinking CXX executable pca_drive_node[0m
[100%] Built target pca_drive_node
-- Install configuration: ""
-- Execute custom install script
-- Up-to-date symlink: /home/jetson/ros2_ws/install/pca_drive/lib/pca_drive/pca_drive_node
-- Up-to-date symlink: /home/jetson/ros2_ws/install/pca_drive/share/ament_index/resource_index/package_run_dependencies/pca_drive
-- Up-to-date symlink: /home/jetson/ros2_ws/install/pca_drive/share/ament_index/resource_index/parent_prefix_path/pca_drive
-- Up-to-date symlink: /home/jetson/ros2_ws/install/pca_drive/share/pca_drive/environment/ament_prefix_path.sh
-- Up-to-date symlink: /home/jetson/ros2_ws/install/pca_drive/share/pca_drive/environment/ament_prefix_path.dsv
-- Up-to-date symlink: /home/jetson/ros2_ws/install/pca_drive/share/pca_drive/environment/path.sh
-- Up-to-date symlink: /home/jetson/ros2_ws/install/pca_drive/share/pca_drive/environment/path.dsv
-- Up-to-date symlink: /home/jetson/ros2_ws/install/pca_drive/share/pca_drive/local_setup.bash
-- Up-to-date symlink: /home/jetson/ros2_ws/install/pca_drive/share/pca_drive/local_setup.sh
-- Up-to-date symlink: /home/jetson/ros2_ws/install/pca_drive/share/pca_drive/local_setup.zsh
-- Up-to-date symlink: /home/jetson/ros2_ws/install/pca_drive/share/pca_drive/local_setup.dsv
-- Symlinking: /home/jetson/ros2_ws/install/pca_drive/share/pca_drive/package.dsv
-- Up-to-date symlink: /home/jetson/ros2_ws/install/pca_drive/share/ament_index/resource_index/packages/pca_drive
-- Up-to-date symlink: /home/jetson/ros2_ws/install/pca_drive/share/pca_drive/cmake/pca_driveConfig.cmake
-- Up-to-date symlink: /home/jetson/ros2_ws/install/pca_drive/share/pca_drive/cmake/pca_driveConfig-version.cmake
-- Up-to-date symlink: /home/jetson/ros2_ws/install/pca_drive/share/pca_drive/package.xml
