[1.465s] Invoking command in '/home/jetson/ros2_ws/build/yolo_detector': PYTHONPATH=/home/jetson/ros2_ws/build/yolo_detector/prefix_override:/usr/lib/python3/dist-packages/colcon_core/task/python/colcon_distutils_commands:/home/jetson/ros2_ws/install/yolo_detector/lib/python3.10/site-packages:${PYTHONPATH} /usr/bin/python3 -W ignore:setup.py install is deprecated -W ignore:easy_install command is deprecated setup.py develop --uninstall --editable --build-directory /home/jetson/ros2_ws/build/yolo_detector/build
[1.992s] running develop
[2.333s] Removing /home/jetson/ros2_ws/install/yolo_detector/lib/python3.10/site-packages/yolo-detector.egg-link (link to .)
[2.407s] Invoked command in '/home/jetson/ros2_ws/build/yolo_detector' returned '0': PYTHONPATH=/home/jetson/ros2_ws/build/yolo_detector/prefix_override:/usr/lib/python3/dist-packages/colcon_core/task/python/colcon_distutils_commands:/home/jetson/ros2_ws/install/yolo_detector/lib/python3.10/site-packages:${PYTHONPATH} /usr/bin/python3 -W ignore:setup.py install is deprecated -W ignore:easy_install command is deprecated setup.py develop --uninstall --editable --build-directory /home/jetson/ros2_ws/build/yolo_detector/build
[2.410s] Invoking command in '/home/jetson/ros2_ws/src/yolo_detector': PYTHONPATH=/home/jetson/ros2_ws/build/yolo_detector/prefix_override:/usr/lib/python3/dist-packages/colcon_core/task/python/colcon_distutils_commands:/home/jetson/ros2_ws/install/yolo_detector/lib/python3.10/site-packages:${PYTHONPATH} /usr/bin/python3 -W ignore:setup.py install is deprecated -W ignore:easy_install command is deprecated setup.py egg_info --egg-base ../../build/yolo_detector build --build-base /home/jetson/ros2_ws/build/yolo_detector/build install --record /home/jetson/ros2_ws/build/yolo_detector/install.log --single-version-externally-managed install_data --force
[2.895s] running egg_info
[2.896s] writing ../../build/yolo_detector/yolo_detector.egg-info/PKG-INFO
[2.897s] writing dependency_links to ../../build/yolo_detector/yolo_detector.egg-info/dependency_links.txt
[2.897s] writing entry points to ../../build/yolo_detector/yolo_detector.egg-info/entry_points.txt
[2.897s] writing requirements to ../../build/yolo_detector/yolo_detector.egg-info/requires.txt
[2.898s] writing top-level names to ../../build/yolo_detector/yolo_detector.egg-info/top_level.txt
[2.901s] reading manifest file '../../build/yolo_detector/yolo_detector.egg-info/SOURCES.txt'
[2.904s] writing manifest file '../../build/yolo_detector/yolo_detector.egg-info/SOURCES.txt'
[2.904s] running build
[2.905s] running build_py
[2.905s] creating /home/jetson/ros2_ws/build/yolo_detector/build
[2.905s] creating /home/jetson/ros2_ws/build/yolo_detector/build/lib
[2.906s] creating /home/jetson/ros2_ws/build/yolo_detector/build/lib/yolo_detector
[2.906s] copying yolo_detector/detector_node.py -> /home/jetson/ros2_ws/build/yolo_detector/build/lib/yolo_detector
[2.906s] copying yolo_detector/__init__.py -> /home/jetson/ros2_ws/build/yolo_detector/build/lib/yolo_detector
[2.906s] running install
[2.907s] running install_lib
[2.908s] creating /home/jetson/ros2_ws/install/yolo_detector/lib/python3.10/site-packages/yolo_detector
[2.908s] copying /home/jetson/ros2_ws/build/yolo_detector/build/lib/yolo_detector/detector_node.py -> /home/jetson/ros2_ws/install/yolo_detector/lib/python3.10/site-packages/yolo_detector
[2.908s] copying /home/jetson/ros2_ws/build/yolo_detector/build/lib/yolo_detector/__init__.py -> /home/jetson/ros2_ws/install/yolo_detector/lib/python3.10/site-packages/yolo_detector
[2.909s] byte-compiling /home/jetson/ros2_ws/install/yolo_detector/lib/python3.10/site-packages/yolo_detector/detector_node.py to detector_node.cpython-310.pyc
[2.914s] byte-compiling /home/jetson/ros2_ws/install/yolo_detector/lib/python3.10/site-packages/yolo_detector/__init__.py to __init__.cpython-310.pyc
[2.914s] running install_data
[2.914s] copying resource/yolo_detector -> /home/jetson/ros2_ws/install/yolo_detector/share/ament_index/resource_index/packages
[2.918s] copying package.xml -> /home/jetson/ros2_ws/install/yolo_detector/share/yolo_detector
[2.918s] copying models/best.onnx -> /home/jetson/ros2_ws/install/yolo_detector/share/yolo_detector/models
[3.043s] copying models/best.pt -> /home/jetson/ros2_ws/install/yolo_detector/share/yolo_detector/models
[3.113s] copying models/best.engine -> /home/jetson/ros2_ws/install/yolo_detector/share/yolo_detector/models
[3.202s] running install_egg_info
[3.209s] Copying ../../build/yolo_detector/yolo_detector.egg-info to /home/jetson/ros2_ws/install/yolo_detector/lib/python3.10/site-packages/yolo_detector-0.0.0-py3.10.egg-info
[3.217s] running install_scripts
[3.287s] Installing detect_node script to /home/jetson/ros2_ws/install/yolo_detector/lib/yolo_detector
[3.313s] writing list of installed files to '/home/jetson/ros2_ws/build/yolo_detector/install.log'
[3.425s] Invoked command in '/home/jetson/ros2_ws/src/yolo_detector' returned '0': PYTHONPATH=/home/jetson/ros2_ws/build/yolo_detector/prefix_override:/usr/lib/python3/dist-packages/colcon_core/task/python/colcon_distutils_commands:/home/jetson/ros2_ws/install/yolo_detector/lib/python3.10/site-packages:${PYTHONPATH} /usr/bin/python3 -W ignore:setup.py install is deprecated -W ignore:easy_install command is deprecated setup.py egg_info --egg-base ../../build/yolo_detector build --build-base /home/jetson/ros2_ws/build/yolo_detector/build install --record /home/jetson/ros2_ws/build/yolo_detector/install.log --single-version-externally-managed install_data --force
