[2.593s] Invoking command in '/home/jetson/ros2_ws/src/stt': PYTHONPATH=/home/jetson/ros2_ws/build/stt/prefix_override:/usr/lib/python3/dist-packages/colcon_core/task/python/colcon_distutils_commands:/home/jetson/ros2_ws/install/stt/lib/python3.10/site-packages:${PYTHONPATH} /usr/bin/python3 -W ignore:setup.py install is deprecated -W ignore:easy_install command is deprecated setup.py egg_info --egg-base ../../build/stt build --build-base /home/jetson/ros2_ws/build/stt/build install --record /home/jetson/ros2_ws/build/stt/install.log --single-version-externally-managed install_data
[3.146s] running egg_info
[3.148s] writing ../../build/stt/stt.egg-info/PKG-INFO
[3.150s] writing dependency_links to ../../build/stt/stt.egg-info/dependency_links.txt
[3.151s] writing entry points to ../../build/stt/stt.egg-info/entry_points.txt
[3.151s] writing requirements to ../../build/stt/stt.egg-info/requires.txt
[3.151s] writing top-level names to ../../build/stt/stt.egg-info/top_level.txt
[3.155s] reading manifest file '../../build/stt/stt.egg-info/SOURCES.txt'
[3.163s] writing manifest file '../../build/stt/stt.egg-info/SOURCES.txt'
[3.163s] running build
[3.163s] running build_py
[3.171s] running install
[3.172s] running install_lib
[3.180s] running install_data
[3.181s] running install_egg_info
[3.186s] removing '/home/jetson/ros2_ws/install/stt/lib/python3.10/site-packages/stt-0.0.0-py3.10.egg-info' (and everything under it)
[3.188s] Copying ../../build/stt/stt.egg-info to /home/jetson/ros2_ws/install/stt/lib/python3.10/site-packages/stt-0.0.0-py3.10.egg-info
[3.192s] running install_scripts
[3.242s] Installing stt_node script to /home/jetson/ros2_ws/install/stt/lib/stt
[3.248s] writing list of installed files to '/home/jetson/ros2_ws/build/stt/install.log'
[3.554s] Invoked command in '/home/jetson/ros2_ws/src/stt' returned '0': PYTHONPATH=/home/jetson/ros2_ws/build/stt/prefix_override:/usr/lib/python3/dist-packages/colcon_core/task/python/colcon_distutils_commands:/home/jetson/ros2_ws/install/stt/lib/python3.10/site-packages:${PYTHONPATH} /usr/bin/python3 -W ignore:setup.py install is deprecated -W ignore:easy_install command is deprecated setup.py egg_info --egg-base ../../build/stt build --build-base /home/jetson/ros2_ws/build/stt/build install --record /home/jetson/ros2_ws/build/stt/install.log --single-version-externally-managed install_data
