[1.662s] Invoking command in '/home/jetson/ros2_ws/src/fall_accident_judgement': PYTHONPATH=/home/jetson/ros2_ws/build/fall_accident_judgement/prefix_override:/usr/lib/python3/dist-packages/colcon_core/task/python/colcon_distutils_commands:/home/jetson/ros2_ws/install/fall_accident_judgement/lib/python3.10/site-packages:${PYTHONPATH} /usr/bin/python3 -W ignore:setup.py install is deprecated -W ignore:easy_install command is deprecated setup.py egg_info --egg-base ../../build/fall_accident_judgement build --build-base /home/jetson/ros2_ws/build/fall_accident_judgement/build install --record /home/jetson/ros2_ws/build/fall_accident_judgement/install.log --single-version-externally-managed install_data
[2.148s] running egg_info
[2.149s] creating ../../build/fall_accident_judgement/fall_accident_judgement.egg-info
[2.150s] writing ../../build/fall_accident_judgement/fall_accident_judgement.egg-info/PKG-INFO
[2.150s] writing dependency_links to ../../build/fall_accident_judgement/fall_accident_judgement.egg-info/dependency_links.txt
[2.150s] writing entry points to ../../build/fall_accident_judgement/fall_accident_judgement.egg-info/entry_points.txt
[2.151s] writing requirements to ../../build/fall_accident_judgement/fall_accident_judgement.egg-info/requires.txt
[2.151s] writing top-level names to ../../build/fall_accident_judgement/fall_accident_judgement.egg-info/top_level.txt
[2.151s] writing manifest file '../../build/fall_accident_judgement/fall_accident_judgement.egg-info/SOURCES.txt'
[2.154s] reading manifest file '../../build/fall_accident_judgement/fall_accident_judgement.egg-info/SOURCES.txt'
[2.156s] writing manifest file '../../build/fall_accident_judgement/fall_accident_judgement.egg-info/SOURCES.txt'
[2.156s] running build
[2.156s] running build_py
[2.156s] creating /home/jetson/ros2_ws/build/fall_accident_judgement/build
[2.156s] creating /home/jetson/ros2_ws/build/fall_accident_judgement/build/lib
[2.156s] creating /home/jetson/ros2_ws/build/fall_accident_judgement/build/lib/fall_accident_judgement
[2.157s] copying fall_accident_judgement/judgement_node.py -> /home/jetson/ros2_ws/build/fall_accident_judgement/build/lib/fall_accident_judgement
[2.157s] copying fall_accident_judgement/__init__.py -> /home/jetson/ros2_ws/build/fall_accident_judgement/build/lib/fall_accident_judgement
[2.157s] running install
[2.158s] running install_lib
[2.159s] creating /home/jetson/ros2_ws/install/fall_accident_judgement/lib/python3.10/site-packages/fall_accident_judgement
[2.159s] copying /home/jetson/ros2_ws/build/fall_accident_judgement/build/lib/fall_accident_judgement/judgement_node.py -> /home/jetson/ros2_ws/install/fall_accident_judgement/lib/python3.10/site-packages/fall_accident_judgement
[2.159s] copying /home/jetson/ros2_ws/build/fall_accident_judgement/build/lib/fall_accident_judgement/__init__.py -> /home/jetson/ros2_ws/install/fall_accident_judgement/lib/python3.10/site-packages/fall_accident_judgement
[2.160s] byte-compiling /home/jetson/ros2_ws/install/fall_accident_judgement/lib/python3.10/site-packages/fall_accident_judgement/judgement_node.py to judgement_node.cpython-310.pyc
[2.162s] byte-compiling /home/jetson/ros2_ws/install/fall_accident_judgement/lib/python3.10/site-packages/fall_accident_judgement/__init__.py to __init__.cpython-310.pyc
[2.162s] running install_data
[2.162s] creating /home/jetson/ros2_ws/install/fall_accident_judgement/share/ament_index
[2.163s] creating /home/jetson/ros2_ws/install/fall_accident_judgement/share/ament_index/resource_index
[2.163s] creating /home/jetson/ros2_ws/install/fall_accident_judgement/share/ament_index/resource_index/packages
[2.163s] copying resource/fall_accident_judgement -> /home/jetson/ros2_ws/install/fall_accident_judgement/share/ament_index/resource_index/packages
[2.163s] copying package.xml -> /home/jetson/ros2_ws/install/fall_accident_judgement/share/fall_accident_judgement
[2.163s] running install_egg_info
[2.167s] Copying ../../build/fall_accident_judgement/fall_accident_judgement.egg-info to /home/jetson/ros2_ws/install/fall_accident_judgement/lib/python3.10/site-packages/fall_accident_judgement-0.0.0-py3.10.egg-info
[2.168s] running install_scripts
[2.207s] Installing judgement_node script to /home/jetson/ros2_ws/install/fall_accident_judgement/lib/fall_accident_judgement
[2.207s] writing list of installed files to '/home/jetson/ros2_ws/build/fall_accident_judgement/install.log'
[2.271s] Invoked command in '/home/jetson/ros2_ws/src/fall_accident_judgement' returned '0': PYTHONPATH=/home/jetson/ros2_ws/build/fall_accident_judgement/prefix_override:/usr/lib/python3/dist-packages/colcon_core/task/python/colcon_distutils_commands:/home/jetson/ros2_ws/install/fall_accident_judgement/lib/python3.10/site-packages:${PYTHONPATH} /usr/bin/python3 -W ignore:setup.py install is deprecated -W ignore:easy_install command is deprecated setup.py egg_info --egg-base ../../build/fall_accident_judgement build --build-base /home/jetson/ros2_ws/build/fall_accident_judgement/build install --record /home/jetson/ros2_ws/build/fall_accident_judgement/install.log --single-version-externally-managed install_data
