running egg_info
creating ../../build/fall_accident_judgement/fall_accident_judgement.egg-info
writing ../../build/fall_accident_judgement/fall_accident_judgement.egg-info/PKG-INFO
writing dependency_links to ../../build/fall_accident_judgement/fall_accident_judgement.egg-info/dependency_links.txt
writing entry points to ../../build/fall_accident_judgement/fall_accident_judgement.egg-info/entry_points.txt
writing requirements to ../../build/fall_accident_judgement/fall_accident_judgement.egg-info/requires.txt
writing top-level names to ../../build/fall_accident_judgement/fall_accident_judgement.egg-info/top_level.txt
writing manifest file '../../build/fall_accident_judgement/fall_accident_judgement.egg-info/SOURCES.txt'
reading manifest file '../../build/fall_accident_judgement/fall_accident_judgement.egg-info/SOURCES.txt'
writing manifest file '../../build/fall_accident_judgement/fall_accident_judgement.egg-info/SOURCES.txt'
running build
running build_py
creating /home/jetson/ros2_ws/build/fall_accident_judgement/build
creating /home/jetson/ros2_ws/build/fall_accident_judgement/build/lib
creating /home/jetson/ros2_ws/build/fall_accident_judgement/build/lib/fall_accident_judgement
copying fall_accident_judgement/judgement_node.py -> /home/jetson/ros2_ws/build/fall_accident_judgement/build/lib/fall_accident_judgement
copying fall_accident_judgement/__init__.py -> /home/jetson/ros2_ws/build/fall_accident_judgement/build/lib/fall_accident_judgement
running install
running install_lib
creating /home/jetson/ros2_ws/install/fall_accident_judgement/lib/python3.10/site-packages/fall_accident_judgement
copying /home/jetson/ros2_ws/build/fall_accident_judgement/build/lib/fall_accident_judgement/judgement_node.py -> /home/jetson/ros2_ws/install/fall_accident_judgement/lib/python3.10/site-packages/fall_accident_judgement
copying /home/jetson/ros2_ws/build/fall_accident_judgement/build/lib/fall_accident_judgement/__init__.py -> /home/jetson/ros2_ws/install/fall_accident_judgement/lib/python3.10/site-packages/fall_accident_judgement
byte-compiling /home/jetson/ros2_ws/install/fall_accident_judgement/lib/python3.10/site-packages/fall_accident_judgement/judgement_node.py to judgement_node.cpython-310.pyc
byte-compiling /home/jetson/ros2_ws/install/fall_accident_judgement/lib/python3.10/site-packages/fall_accident_judgement/__init__.py to __init__.cpython-310.pyc
running install_data
creating /home/jetson/ros2_ws/install/fall_accident_judgement/share/ament_index
creating /home/jetson/ros2_ws/install/fall_accident_judgement/share/ament_index/resource_index
creating /home/jetson/ros2_ws/install/fall_accident_judgement/share/ament_index/resource_index/packages
copying resource/fall_accident_judgement -> /home/jetson/ros2_ws/install/fall_accident_judgement/share/ament_index/resource_index/packages
copying package.xml -> /home/jetson/ros2_ws/install/fall_accident_judgement/share/fall_accident_judgement
running install_egg_info
Copying ../../build/fall_accident_judgement/fall_accident_judgement.egg-info to /home/jetson/ros2_ws/install/fall_accident_judgement/lib/python3.10/site-packages/fall_accident_judgement-0.0.0-py3.10.egg-info
running install_scripts
Installing judgement_node script to /home/jetson/ros2_ws/install/fall_accident_judgement/lib/fall_accident_judgement
writing list of installed files to '/home/jetson/ros2_ws/build/fall_accident_judgement/install.log'
