[1.277s] Invoking command in '/home/jetson/ros2_ws/src/fall_accident_judgement': PYTHONPATH=/home/jetson/ros2_ws/build/fall_accident_judgement/prefix_override:/usr/lib/python3/dist-packages/colcon_core/task/python/colcon_distutils_commands:/home/jetson/ros2_ws/install/fall_accident_judgement/lib/python3.10/site-packages:${PYTHONPATH} /usr/bin/python3 -W ignore:setup.py install is deprecated -W ignore:easy_install command is deprecated setup.py egg_info --egg-base ../../build/fall_accident_judgement build --build-base /home/jetson/ros2_ws/build/fall_accident_judgement/build install --record /home/jetson/ros2_ws/build/fall_accident_judgement/install.log --single-version-externally-managed install_data
[1.763s] running egg_info
[1.764s] creating ../../build/fall_accident_judgement/fall_accident_judgement.egg-info
[1.764s] writing ../../build/fall_accident_judgement/fall_accident_judgement.egg-info/PKG-INFO
[1.765s] writing dependency_links to ../../build/fall_accident_judgement/fall_accident_judgement.egg-info/dependency_links.txt
[1.765s] writing entry points to ../../build/fall_accident_judgement/fall_accident_judgement.egg-info/entry_points.txt
[1.765s] writing requirements to ../../build/fall_accident_judgement/fall_accident_judgement.egg-info/requires.txt
[1.765s] writing top-level names to ../../build/fall_accident_judgement/fall_accident_judgement.egg-info/top_level.txt
[1.766s] writing manifest file '../../build/fall_accident_judgement/fall_accident_judgement.egg-info/SOURCES.txt'
[1.769s] reading manifest file '../../build/fall_accident_judgement/fall_accident_judgement.egg-info/SOURCES.txt'
[1.770s] writing manifest file '../../build/fall_accident_judgement/fall_accident_judgement.egg-info/SOURCES.txt'
[1.771s] running build
[1.771s] running build_py
[1.771s] creating /home/jetson/ros2_ws/build/fall_accident_judgement/build
[1.771s] creating /home/jetson/ros2_ws/build/fall_accident_judgement/build/lib
[1.771s] creating /home/jetson/ros2_ws/build/fall_accident_judgement/build/lib/fall_accident_judgement
[1.771s] copying fall_accident_judgement/judgement_node.py -> /home/jetson/ros2_ws/build/fall_accident_judgement/build/lib/fall_accident_judgement
[1.783s] copying fall_accident_judgement/__init__.py -> /home/jetson/ros2_ws/build/fall_accident_judgement/build/lib/fall_accident_judgement
[1.784s] running install
[1.784s] running install_lib
[1.786s] creating /home/jetson/ros2_ws/install/fall_accident_judgement/lib/python3.10/site-packages/fall_accident_judgement
[1.786s] copying /home/jetson/ros2_ws/build/fall_accident_judgement/build/lib/fall_accident_judgement/judgement_node.py -> /home/jetson/ros2_ws/install/fall_accident_judgement/lib/python3.10/site-packages/fall_accident_judgement
[1.786s] copying /home/jetson/ros2_ws/build/fall_accident_judgement/build/lib/fall_accident_judgement/__init__.py -> /home/jetson/ros2_ws/install/fall_accident_judgement/lib/python3.10/site-packages/fall_accident_judgement
[1.787s] byte-compiling /home/jetson/ros2_ws/install/fall_accident_judgement/lib/python3.10/site-packages/fall_accident_judgement/judgement_node.py to judgement_node.cpython-310.pyc
[1.789s] byte-compiling /home/jetson/ros2_ws/install/fall_accident_judgement/lib/python3.10/site-packages/fall_accident_judgement/__init__.py to __init__.cpython-310.pyc
[1.789s] running install_data
[1.789s] creating /home/jetson/ros2_ws/install/fall_accident_judgement/share/ament_index
[1.789s] creating /home/jetson/ros2_ws/install/fall_accident_judgement/share/ament_index/resource_index
[1.790s] creating /home/jetson/ros2_ws/install/fall_accident_judgement/share/ament_index/resource_index/packages
[1.790s] copying resource/fall_accident_judgement -> /home/jetson/ros2_ws/install/fall_accident_judgement/share/ament_index/resource_index/packages
[1.790s] copying package.xml -> /home/jetson/ros2_ws/install/fall_accident_judgement/share/fall_accident_judgement
[1.790s] running install_egg_info
[1.794s] Copying ../../build/fall_accident_judgement/fall_accident_judgement.egg-info to /home/jetson/ros2_ws/install/fall_accident_judgement/lib/python3.10/site-packages/fall_accident_judgement-0.0.0-py3.10.egg-info
[1.795s] running install_scripts
[1.833s] Installing judgement_node script to /home/jetson/ros2_ws/install/fall_accident_judgement/lib/fall_accident_judgement
[1.834s] writing list of installed files to '/home/jetson/ros2_ws/build/fall_accident_judgement/install.log'
[1.897s] Invoked command in '/home/jetson/ros2_ws/src/fall_accident_judgement' returned '0': PYTHONPATH=/home/jetson/ros2_ws/build/fall_accident_judgement/prefix_override:/usr/lib/python3/dist-packages/colcon_core/task/python/colcon_distutils_commands:/home/jetson/ros2_ws/install/fall_accident_judgement/lib/python3.10/site-packages:${PYTHONPATH} /usr/bin/python3 -W ignore:setup.py install is deprecated -W ignore:easy_install command is deprecated setup.py egg_info --egg-base ../../build/fall_accident_judgement build --build-base /home/jetson/ros2_ws/build/fall_accident_judgement/build install --record /home/jetson/ros2_ws/build/fall_accident_judgement/install.log --single-version-externally-managed install_data
