/home/jetson/ros2_ws/install/tts/lib/python3.10/site-packages/tts/tts_node.py
/home/jetson/ros2_ws/install/tts/lib/python3.10/site-packages/tts/__init__.py
/home/jetson/ros2_ws/install/tts/lib/python3.10/site-packages/tts/__pycache__/tts_node.cpython-310.pyc
/home/jetson/ros2_ws/install/tts/lib/python3.10/site-packages/tts/__pycache__/__init__.cpython-310.pyc
/home/jetson/ros2_ws/install/tts/share/tts/package.xml
/home/jetson/ros2_ws/install/tts/share/tts/models/tts_model_config.json
/home/jetson/ros2_ws/install/tts/share/tts/models/tts_model.onnx
/home/jetson/ros2_ws/install/tts/share/tts/models/tokens.txt
/home/jetson/ros2_ws/install/tts/share/tts/models/espeak-ng-data/pa_dict
/home/jetson/ros2_ws/install/tts/share/tts/models/espeak-ng-data/sw_dict
/home/jetson/ros2_ws/install/tts/share/tts/models/espeak-ng-data/mr_dict
/home/jetson/ros2_ws/install/tts/share/tts/models/espeak-ng-data/yue_dict
/home/jetson/ros2_ws/install/tts/share/tts/models/espeak-ng-data/vi_dict
/home/jetson/ros2_ws/install/tts/share/tts/models/espeak-ng-data/hu_dict
/home/jetson/ros2_ws/install/tts/share/tts/models/espeak-ng-data/ky_dict
/home/jetson/ros2_ws/install/tts/share/tts/models/espeak-ng-data/qdb_dict
/home/jetson/ros2_ws/install/tts/share/tts/models/espeak-ng-data/ms_dict
/home/jetson/ros2_ws/install/tts/share/tts/models/espeak-ng-data/ku_dict
/home/jetson/ros2_ws/install/tts/share/tts/models/espeak-ng-data/mt_dict
/home/jetson/ros2_ws/install/tts/share/tts/models/espeak-ng-data/tn_dict
/home/jetson/ros2_ws/install/tts/share/tts/models/espeak-ng-data/ur_dict
/home/jetson/ros2_ws/install/tts/share/tts/models/espeak-ng-data/lt_dict
/home/jetson/ros2_ws/install/tts/share/tts/models/espeak-ng-data/quc_dict
/home/jetson/ros2_ws/install/tts/share/tts/models/espeak-ng-data/phontab
/home/jetson/ros2_ws/install/tts/share/tts/models/espeak-ng-data/et_dict
/home/jetson/ros2_ws/install/tts/share/tts/models/espeak-ng-data/ga_dict
/home/jetson/ros2_ws/install/tts/share/tts/models/espeak-ng-data/nog_dict
/home/jetson/ros2_ws/install/tts/share/tts/models/espeak-ng-data/phondata-manifest
/home/jetson/ros2_ws/install/tts/share/tts/models/espeak-ng-data/piqd_dict
/home/jetson/ros2_ws/install/tts/share/tts/models/espeak-ng-data/nl_dict
/home/jetson/ros2_ws/install/tts/share/tts/models/espeak-ng-data/cmn_dict
/home/jetson/ros2_ws/install/tts/share/tts/models/espeak-ng-data/cs_dict
/home/jetson/ros2_ws/install/tts/share/tts/models/espeak-ng-data/he_dict
/home/jetson/ros2_ws/install/tts/share/tts/models/espeak-ng-data/kl_dict
/home/jetson/ros2_ws/install/tts/share/tts/models/espeak-ng-data/io_dict
/home/jetson/ros2_ws/install/tts/share/tts/models/espeak-ng-data/tk_dict
/home/jetson/ros2_ws/install/tts/share/tts/models/espeak-ng-data/phonindex
/home/jetson/ros2_ws/install/tts/share/tts/models/espeak-ng-data/bn_dict
/home/jetson/ros2_ws/install/tts/share/tts/models/espeak-ng-data/da_dict
/home/jetson/ros2_ws/install/tts/share/tts/models/espeak-ng-data/jbo_dict
/home/jetson/ros2_ws/install/tts/share/tts/models/espeak-ng-data/lfn_dict
/home/jetson/ros2_ws/install/tts/share/tts/models/espeak-ng-data/tr_dict
/home/jetson/ros2_ws/install/tts/share/tts/models/espeak-ng-data/de_dict
/home/jetson/ros2_ws/install/tts/share/tts/models/espeak-ng-data/sv_dict
/home/jetson/ros2_ws/install/tts/share/tts/models/espeak-ng-data/sk_dict
/home/jetson/ros2_ws/install/tts/share/tts/models/espeak-ng-data/hr_dict
/home/jetson/ros2_ws/install/tts/share/tts/models/espeak-ng-data/as_dict
/home/jetson/ros2_ws/install/tts/share/tts/models/espeak-ng-data/el_dict
/home/jetson/ros2_ws/install/tts/share/tts/models/espeak-ng-data/hi_dict
/home/jetson/ros2_ws/install/tts/share/tts/models/espeak-ng-data/sq_dict
/home/jetson/ros2_ws/install/tts/share/tts/models/espeak-ng-data/fi_dict
/home/jetson/ros2_ws/install/tts/share/tts/models/espeak-ng-data/fa_dict
/home/jetson/ros2_ws/install/tts/share/tts/models/espeak-ng-data/sd_dict
/home/jetson/ros2_ws/install/tts/share/tts/models/espeak-ng-data/be_dict
/home/jetson/ros2_ws/install/tts/share/tts/models/espeak-ng-data/ko_dict
/home/jetson/ros2_ws/install/tts/share/tts/models/espeak-ng-data/phondata
/home/jetson/ros2_ws/install/tts/share/tts/models/espeak-ng-data/eu_dict
/home/jetson/ros2_ws/install/tts/share/tts/models/espeak-ng-data/ru_dict
/home/jetson/ros2_ws/install/tts/share/tts/models/espeak-ng-data/smj_dict
/home/jetson/ros2_ws/install/tts/share/tts/models/espeak-ng-data/or_dict
/home/jetson/ros2_ws/install/tts/share/tts/models/espeak-ng-data/ja_dict
/home/jetson/ros2_ws/install/tts/share/tts/models/espeak-ng-data/ia_dict
/home/jetson/ros2_ws/install/tts/share/tts/models/espeak-ng-data/ug_dict
/home/jetson/ros2_ws/install/tts/share/tts/models/espeak-ng-data/ro_dict
/home/jetson/ros2_ws/install/tts/share/tts/models/espeak-ng-data/kok_dict
/home/jetson/ros2_ws/install/tts/share/tts/models/espeak-ng-data/az_dict
/home/jetson/ros2_ws/install/tts/share/tts/models/espeak-ng-data/eo_dict
/home/jetson/ros2_ws/install/tts/share/tts/models/espeak-ng-data/ht_dict
/home/jetson/ros2_ws/install/tts/share/tts/models/espeak-ng-data/uk_dict
/home/jetson/ros2_ws/install/tts/share/tts/models/espeak-ng-data/ar_dict
/home/jetson/ros2_ws/install/tts/share/tts/models/espeak-ng-data/cv_dict
/home/jetson/ros2_ws/install/tts/share/tts/models/espeak-ng-data/mi_dict
/home/jetson/ros2_ws/install/tts/share/tts/models/espeak-ng-data/ta_dict
/home/jetson/ros2_ws/install/tts/share/tts/models/espeak-ng-data/sjn_dict
/home/jetson/ros2_ws/install/tts/share/tts/models/espeak-ng-data/af_dict
/home/jetson/ros2_ws/install/tts/share/tts/models/espeak-ng-data/py_dict
/home/jetson/ros2_ws/install/tts/share/tts/models/espeak-ng-data/no_dict
/home/jetson/ros2_ws/install/tts/share/tts/models/espeak-ng-data/ca_dict
/home/jetson/ros2_ws/install/tts/share/tts/models/espeak-ng-data/gu_dict
/home/jetson/ros2_ws/install/tts/share/tts/models/espeak-ng-data/shn_dict
/home/jetson/ros2_ws/install/tts/share/tts/models/espeak-ng-data/ba_dict
/home/jetson/ros2_ws/install/tts/share/tts/models/espeak-ng-data/mto_dict
/home/jetson/ros2_ws/install/tts/share/tts/models/espeak-ng-data/haw_dict
/home/jetson/ros2_ws/install/tts/share/tts/models/espeak-ng-data/mk_dict
/home/jetson/ros2_ws/install/tts/share/tts/models/espeak-ng-data/nci_dict
/home/jetson/ros2_ws/install/tts/share/tts/models/espeak-ng-data/gn_dict
/home/jetson/ros2_ws/install/tts/share/tts/models/espeak-ng-data/bs_dict
/home/jetson/ros2_ws/install/tts/share/tts/models/espeak-ng-data/pt_dict
/home/jetson/ros2_ws/install/tts/share/tts/models/espeak-ng-data/om_dict
/home/jetson/ros2_ws/install/tts/share/tts/models/espeak-ng-data/fr_dict
/home/jetson/ros2_ws/install/tts/share/tts/models/espeak-ng-data/gd_dict
/home/jetson/ros2_ws/install/tts/share/tts/models/espeak-ng-data/la_dict
/home/jetson/ros2_ws/install/tts/share/tts/models/espeak-ng-data/en_dict
/home/jetson/ros2_ws/install/tts/share/tts/models/espeak-ng-data/tt_dict
/home/jetson/ros2_ws/install/tts/share/tts/models/espeak-ng-data/si_dict
/home/jetson/ros2_ws/install/tts/share/tts/models/espeak-ng-data/grc_dict
/home/jetson/ros2_ws/install/tts/share/tts/models/espeak-ng-data/th_dict
/home/jetson/ros2_ws/install/tts/share/tts/models/espeak-ng-data/qu_dict
/home/jetson/ros2_ws/install/tts/share/tts/models/espeak-ng-data/bpy_dict
/home/jetson/ros2_ws/install/tts/share/tts/models/espeak-ng-data/it_dict
/home/jetson/ros2_ws/install/tts/share/tts/models/espeak-ng-data/pl_dict
/home/jetson/ros2_ws/install/tts/share/tts/models/espeak-ng-data/pap_dict
/home/jetson/ros2_ws/install/tts/share/tts/models/espeak-ng-data/uz_dict
/home/jetson/ros2_ws/install/tts/share/tts/models/espeak-ng-data/es_dict
/home/jetson/ros2_ws/install/tts/share/tts/models/espeak-ng-data/sl_dict
/home/jetson/ros2_ws/install/tts/share/tts/models/espeak-ng-data/te_dict
/home/jetson/ros2_ws/install/tts/share/tts/models/espeak-ng-data/id_dict
/home/jetson/ros2_ws/install/tts/share/tts/models/espeak-ng-data/my_dict
/home/jetson/ros2_ws/install/tts/share/tts/models/espeak-ng-data/cy_dict
/home/jetson/ros2_ws/install/tts/share/tts/models/espeak-ng-data/ne_dict
/home/jetson/ros2_ws/install/tts/share/tts/models/espeak-ng-data/an_dict
/home/jetson/ros2_ws/install/tts/share/tts/models/espeak-ng-data/am_dict
/home/jetson/ros2_ws/install/tts/share/tts/models/espeak-ng-data/hak_dict
/home/jetson/ros2_ws/install/tts/share/tts/models/espeak-ng-data/intonations
/home/jetson/ros2_ws/install/tts/share/tts/models/espeak-ng-data/is_dict
/home/jetson/ros2_ws/install/tts/share/tts/models/espeak-ng-data/kn_dict
/home/jetson/ros2_ws/install/tts/share/tts/models/espeak-ng-data/sr_dict
/home/jetson/ros2_ws/install/tts/share/tts/models/espeak-ng-data/chr_dict
/home/jetson/ros2_ws/install/tts/share/tts/models/espeak-ng-data/ka_dict
/home/jetson/ros2_ws/install/tts/share/tts/models/espeak-ng-data/lb_dict
/home/jetson/ros2_ws/install/tts/share/tts/models/espeak-ng-data/hy_dict
/home/jetson/ros2_ws/install/tts/share/tts/models/espeak-ng-data/lv_dict
/home/jetson/ros2_ws/install/tts/share/tts/models/espeak-ng-data/bg_dict
/home/jetson/ros2_ws/install/tts/share/tts/models/espeak-ng-data/qya_dict
/home/jetson/ros2_ws/install/tts/share/tts/models/espeak-ng-data/ml_dict
/home/jetson/ros2_ws/install/tts/share/tts/models/espeak-ng-data/kk_dict
/home/jetson/ros2_ws/install/tts/share/tts/models/espeak-ng-data/voices/!v/whisperf
/home/jetson/ros2_ws/install/tts/share/tts/models/espeak-ng-data/voices/!v/RicishayMax3
/home/jetson/ros2_ws/install/tts/share/tts/models/espeak-ng-data/voices/!v/miguel
/home/jetson/ros2_ws/install/tts/share/tts/models/espeak-ng-data/voices/!v/steph2
/home/jetson/ros2_ws/install/tts/share/tts/models/espeak-ng-data/voices/!v/benjamin
/home/jetson/ros2_ws/install/tts/share/tts/models/espeak-ng-data/voices/!v/m8
/home/jetson/ros2_ws/install/tts/share/tts/models/espeak-ng-data/voices/!v/klatt3
/home/jetson/ros2_ws/install/tts/share/tts/models/espeak-ng-data/voices/!v/Storm
/home/jetson/ros2_ws/install/tts/share/tts/models/espeak-ng-data/voices/!v/david
/home/jetson/ros2_ws/install/tts/share/tts/models/espeak-ng-data/voices/!v/klatt4
/home/jetson/ros2_ws/install/tts/share/tts/models/espeak-ng-data/voices/!v/caleb
/home/jetson/ros2_ws/install/tts/share/tts/models/espeak-ng-data/voices/!v/m2
/home/jetson/ros2_ws/install/tts/share/tts/models/espeak-ng-data/voices/!v/Tweaky
/home/jetson/ros2_ws/install/tts/share/tts/models/espeak-ng-data/voices/!v/klatt2
/home/jetson/ros2_ws/install/tts/share/tts/models/espeak-ng-data/voices/!v/linda
/home/jetson/ros2_ws/install/tts/share/tts/models/espeak-ng-data/voices/!v/m6
/home/jetson/ros2_ws/install/tts/share/tts/models/espeak-ng-data/voices/!v/robert
/home/jetson/ros2_ws/install/tts/share/tts/models/espeak-ng-data/voices/!v/Alex
/home/jetson/ros2_ws/install/tts/share/tts/models/espeak-ng-data/voices/!v/aunty
/home/jetson/ros2_ws/install/tts/share/tts/models/espeak-ng-data/voices/!v/sandro
/home/jetson/ros2_ws/install/tts/share/tts/models/espeak-ng-data/voices/!v/m3
/home/jetson/ros2_ws/install/tts/share/tts/models/espeak-ng-data/voices/!v/robosoft6
/home/jetson/ros2_ws/install/tts/share/tts/models/espeak-ng-data/voices/!v/ed
/home/jetson/ros2_ws/install/tts/share/tts/models/espeak-ng-data/voices/!v/michel
/home/jetson/ros2_ws/install/tts/share/tts/models/espeak-ng-data/voices/!v/iven4
/home/jetson/ros2_ws/install/tts/share/tts/models/espeak-ng-data/voices/!v/steph
/home/jetson/ros2_ws/install/tts/share/tts/models/espeak-ng-data/voices/!v/rob
/home/jetson/ros2_ws/install/tts/share/tts/models/espeak-ng-data/voices/!v/robosoft5
/home/jetson/ros2_ws/install/tts/share/tts/models/espeak-ng-data/voices/!v/iven2
/home/jetson/ros2_ws/install/tts/share/tts/models/espeak-ng-data/voices/!v/paul
/home/jetson/ros2_ws/install/tts/share/tts/models/espeak-ng-data/voices/!v/klatt
/home/jetson/ros2_ws/install/tts/share/tts/models/espeak-ng-data/voices/!v/robosoft7
/home/jetson/ros2_ws/install/tts/share/tts/models/espeak-ng-data/voices/!v/norbert
/home/jetson/ros2_ws/install/tts/share/tts/models/espeak-ng-data/voices/!v/Nguyen
/home/jetson/ros2_ws/install/tts/share/tts/models/espeak-ng-data/voices/!v/boris
/home/jetson/ros2_ws/install/tts/share/tts/models/espeak-ng-data/voices/!v/robosoft4
/home/jetson/ros2_ws/install/tts/share/tts/models/espeak-ng-data/voices/!v/Reed
/home/jetson/ros2_ws/install/tts/share/tts/models/espeak-ng-data/voices/!v/fast
/home/jetson/ros2_ws/install/tts/share/tts/models/espeak-ng-data/voices/!v/pablo
/home/jetson/ros2_ws/install/tts/share/tts/models/espeak-ng-data/voices/!v/anikaRobot
/home/jetson/ros2_ws/install/tts/share/tts/models/espeak-ng-data/voices/!v/quincy
/home/jetson/ros2_ws/install/tts/share/tts/models/espeak-ng-data/voices/!v/iven
/home/jetson/ros2_ws/install/tts/share/tts/models/espeak-ng-data/voices/!v/m5
/home/jetson/ros2_ws/install/tts/share/tts/models/espeak-ng-data/voices/!v/belinda
/home/jetson/ros2_ws/install/tts/share/tts/models/espeak-ng-data/voices/!v/Michael
/home/jetson/ros2_ws/install/tts/share/tts/models/espeak-ng-data/voices/!v/Marco
/home/jetson/ros2_ws/install/tts/share/tts/models/espeak-ng-data/voices/!v/f1
/home/jetson/ros2_ws/install/tts/share/tts/models/espeak-ng-data/voices/!v/robosoft8
/home/jetson/ros2_ws/install/tts/share/tts/models/espeak-ng-data/voices/!v/mike2
/home/jetson/ros2_ws/install/tts/share/tts/models/espeak-ng-data/voices/!v/Alicia
/home/jetson/ros2_ws/install/tts/share/tts/models/espeak-ng-data/voices/!v/edward
/home/jetson/ros2_ws/install/tts/share/tts/models/espeak-ng-data/voices/!v/shelby
/home/jetson/ros2_ws/install/tts/share/tts/models/espeak-ng-data/voices/!v/pedro
/home/jetson/ros2_ws/install/tts/share/tts/models/espeak-ng-data/voices/!v/edward2
/home/jetson/ros2_ws/install/tts/share/tts/models/espeak-ng-data/voices/!v/john
/home/jetson/ros2_ws/install/tts/share/tts/models/espeak-ng-data/voices/!v/steph3
/home/jetson/ros2_ws/install/tts/share/tts/models/espeak-ng-data/voices/!v/grandma
/home/jetson/ros2_ws/install/tts/share/tts/models/espeak-ng-data/voices/!v/marcelo
/home/jetson/ros2_ws/install/tts/share/tts/models/espeak-ng-data/voices/!v/travis
/home/jetson/ros2_ws/install/tts/share/tts/models/espeak-ng-data/voices/!v/Gene
/home/jetson/ros2_ws/install/tts/share/tts/models/espeak-ng-data/voices/!v/Gene2
/home/jetson/ros2_ws/install/tts/share/tts/models/espeak-ng-data/voices/!v/iven3
/home/jetson/ros2_ws/install/tts/share/tts/models/espeak-ng-data/voices/!v/m7
/home/jetson/ros2_ws/install/tts/share/tts/models/espeak-ng-data/voices/!v/gustave
/home/jetson/ros2_ws/install/tts/share/tts/models/espeak-ng-data/voices/!v/klatt5
/home/jetson/ros2_ws/install/tts/share/tts/models/espeak-ng-data/voices/!v/Henrique
/home/jetson/ros2_ws/install/tts/share/tts/models/espeak-ng-data/voices/!v/whisper
/home/jetson/ros2_ws/install/tts/share/tts/models/espeak-ng-data/voices/!v/robosoft3
/home/jetson/ros2_ws/install/tts/share/tts/models/espeak-ng-data/voices/!v/f2
/home/jetson/ros2_ws/install/tts/share/tts/models/espeak-ng-data/voices/!v/Lee
/home/jetson/ros2_ws/install/tts/share/tts/models/espeak-ng-data/voices/!v/anika
/home/jetson/ros2_ws/install/tts/share/tts/models/espeak-ng-data/voices/!v/RicishayMax2
/home/jetson/ros2_ws/install/tts/share/tts/models/espeak-ng-data/voices/!v/Mr serious
/home/jetson/ros2_ws/install/tts/share/tts/models/espeak-ng-data/voices/!v/UniRobot
/home/jetson/ros2_ws/install/tts/share/tts/models/espeak-ng-data/voices/!v/Andy
/home/jetson/ros2_ws/install/tts/share/tts/models/espeak-ng-data/voices/!v/announcer
/home/jetson/ros2_ws/install/tts/share/tts/models/espeak-ng-data/voices/!v/f4
/home/jetson/ros2_ws/install/tts/share/tts/models/espeak-ng-data/voices/!v/Demonic
/home/jetson/ros2_ws/install/tts/share/tts/models/espeak-ng-data/voices/!v/klatt6
/home/jetson/ros2_ws/install/tts/share/tts/models/espeak-ng-data/voices/!v/Jacky
/home/jetson/ros2_ws/install/tts/share/tts/models/espeak-ng-data/voices/!v/zac
/home/jetson/ros2_ws/install/tts/share/tts/models/espeak-ng-data/voices/!v/Mike
/home/jetson/ros2_ws/install/tts/share/tts/models/espeak-ng-data/voices/!v/f3
/home/jetson/ros2_ws/install/tts/share/tts/models/espeak-ng-data/voices/!v/robosoft2
/home/jetson/ros2_ws/install/tts/share/tts/models/espeak-ng-data/voices/!v/grandpa
/home/jetson/ros2_ws/install/tts/share/tts/models/espeak-ng-data/voices/!v/m4
/home/jetson/ros2_ws/install/tts/share/tts/models/espeak-ng-data/voices/!v/AnxiousAndy
/home/jetson/ros2_ws/install/tts/share/tts/models/espeak-ng-data/voices/!v/Denis
/home/jetson/ros2_ws/install/tts/share/tts/models/espeak-ng-data/voices/!v/robosoft
/home/jetson/ros2_ws/install/tts/share/tts/models/espeak-ng-data/voices/!v/RicishayMax
/home/jetson/ros2_ws/install/tts/share/tts/models/espeak-ng-data/voices/!v/victor
/home/jetson/ros2_ws/install/tts/share/tts/models/espeak-ng-data/voices/!v/Hugo
/home/jetson/ros2_ws/install/tts/share/tts/models/espeak-ng-data/voices/!v/croak
/home/jetson/ros2_ws/install/tts/share/tts/models/espeak-ng-data/voices/!v/Diogo
/home/jetson/ros2_ws/install/tts/share/tts/models/espeak-ng-data/voices/!v/Andrea
/home/jetson/ros2_ws/install/tts/share/tts/models/espeak-ng-data/voices/!v/f5
/home/jetson/ros2_ws/install/tts/share/tts/models/espeak-ng-data/voices/!v/max
/home/jetson/ros2_ws/install/tts/share/tts/models/espeak-ng-data/voices/!v/adam
/home/jetson/ros2_ws/install/tts/share/tts/models/espeak-ng-data/voices/!v/m1
/home/jetson/ros2_ws/install/tts/share/tts/models/espeak-ng-data/voices/!v/antonio
/home/jetson/ros2_ws/install/tts/share/tts/models/espeak-ng-data/voices/!v/kaukovalta
/home/jetson/ros2_ws/install/tts/share/tts/models/espeak-ng-data/voices/!v/ian
/home/jetson/ros2_ws/install/tts/share/tts/models/espeak-ng-data/voices/!v/Mario
/home/jetson/ros2_ws/install/tts/share/tts/models/espeak-ng-data/voices/!v/Annie
/home/jetson/ros2_ws/install/tts/share/tts/models/espeak-ng-data/lang/eu
/home/jetson/ros2_ws/install/tts/share/tts/models/espeak-ng-data/lang/qu
/home/jetson/ros2_ws/install/tts/share/tts/models/espeak-ng-data/lang/ko
/home/jetson/ros2_ws/install/tts/share/tts/models/espeak-ng-data/lang/sem/mt
/home/jetson/ros2_ws/install/tts/share/tts/models/espeak-ng-data/lang/sem/ar
/home/jetson/ros2_ws/install/tts/share/tts/models/espeak-ng-data/lang/sem/am
/home/jetson/ros2_ws/install/tts/share/tts/models/espeak-ng-data/lang/sem/he
/home/jetson/ros2_ws/install/tts/share/tts/models/espeak-ng-data/lang/aav/vi
/home/jetson/ros2_ws/install/tts/share/tts/models/espeak-ng-data/lang/aav/vi-VN-x-central
/home/jetson/ros2_ws/install/tts/share/tts/models/espeak-ng-data/lang/aav/vi-VN-x-south
/home/jetson/ros2_ws/install/tts/share/tts/models/espeak-ng-data/lang/myn/quc
/home/jetson/ros2_ws/install/tts/share/tts/models/espeak-ng-data/lang/art/qdb
/home/jetson/ros2_ws/install/tts/share/tts/models/espeak-ng-data/lang/art/qya
/home/jetson/ros2_ws/install/tts/share/tts/models/espeak-ng-data/lang/art/eo
/home/jetson/ros2_ws/install/tts/share/tts/models/espeak-ng-data/lang/art/io
/home/jetson/ros2_ws/install/tts/share/tts/models/espeak-ng-data/lang/art/jbo
/home/jetson/ros2_ws/install/tts/share/tts/models/espeak-ng-data/lang/art/py
/home/jetson/ros2_ws/install/tts/share/tts/models/espeak-ng-data/lang/art/lfn
/home/jetson/ros2_ws/install/tts/share/tts/models/espeak-ng-data/lang/art/ia
/home/jetson/ros2_ws/install/tts/share/tts/models/espeak-ng-data/lang/art/sjn
/home/jetson/ros2_ws/install/tts/share/tts/models/espeak-ng-data/lang/art/piqd
/home/jetson/ros2_ws/install/tts/share/tts/models/espeak-ng-data/lang/poz/ms
/home/jetson/ros2_ws/install/tts/share/tts/models/espeak-ng-data/lang/poz/mi
/home/jetson/ros2_ws/install/tts/share/tts/models/espeak-ng-data/lang/poz/id
/home/jetson/ros2_ws/install/tts/share/tts/models/espeak-ng-data/lang/zlw/pl
/home/jetson/ros2_ws/install/tts/share/tts/models/espeak-ng-data/lang/zlw/cs
/home/jetson/ros2_ws/install/tts/share/tts/models/espeak-ng-data/lang/zlw/sk
/home/jetson/ros2_ws/install/tts/share/tts/models/espeak-ng-data/lang/tai/th
/home/jetson/ros2_ws/install/tts/share/tts/models/espeak-ng-data/lang/tai/shn
/home/jetson/ros2_ws/install/tts/share/tts/models/espeak-ng-data/lang/miz/mto
/home/jetson/ros2_ws/install/tts/share/tts/models/espeak-ng-data/lang/ine/sq
/home/jetson/ros2_ws/install/tts/share/tts/models/espeak-ng-data/lang/ine/hyw
/home/jetson/ros2_ws/install/tts/share/tts/models/espeak-ng-data/lang/ine/hy
/home/jetson/ros2_ws/install/tts/share/tts/models/espeak-ng-data/lang/map/haw
/home/jetson/ros2_ws/install/tts/share/tts/models/espeak-ng-data/lang/bat/ltg
/home/jetson/ros2_ws/install/tts/share/tts/models/espeak-ng-data/lang/bat/lv
/home/jetson/ros2_ws/install/tts/share/tts/models/espeak-ng-data/lang/bat/lt
/home/jetson/ros2_ws/install/tts/share/tts/models/espeak-ng-data/lang/jpx/ja
/home/jetson/ros2_ws/install/tts/share/tts/models/espeak-ng-data/lang/inc/mr
/home/jetson/ros2_ws/install/tts/share/tts/models/espeak-ng-data/lang/inc/bpy
/home/jetson/ros2_ws/install/tts/share/tts/models/espeak-ng-data/lang/inc/si
/home/jetson/ros2_ws/install/tts/share/tts/models/espeak-ng-data/lang/inc/gu
/home/jetson/ros2_ws/install/tts/share/tts/models/espeak-ng-data/lang/inc/bn
/home/jetson/ros2_ws/install/tts/share/tts/models/espeak-ng-data/lang/inc/ur
/home/jetson/ros2_ws/install/tts/share/tts/models/espeak-ng-data/lang/inc/ne
/home/jetson/ros2_ws/install/tts/share/tts/models/espeak-ng-data/lang/inc/sd
/home/jetson/ros2_ws/install/tts/share/tts/models/espeak-ng-data/lang/inc/hi
/home/jetson/ros2_ws/install/tts/share/tts/models/espeak-ng-data/lang/inc/or
/home/jetson/ros2_ws/install/tts/share/tts/models/espeak-ng-data/lang/inc/pa
/home/jetson/ros2_ws/install/tts/share/tts/models/espeak-ng-data/lang/inc/kok
/home/jetson/ros2_ws/install/tts/share/tts/models/espeak-ng-data/lang/inc/as
/home/jetson/ros2_ws/install/tts/share/tts/models/espeak-ng-data/lang/trk/tt
/home/jetson/ros2_ws/install/tts/share/tts/models/espeak-ng-data/lang/trk/ug
/home/jetson/ros2_ws/install/tts/share/tts/models/espeak-ng-data/lang/trk/ba
/home/jetson/ros2_ws/install/tts/share/tts/models/espeak-ng-data/lang/trk/tk
/home/jetson/ros2_ws/install/tts/share/tts/models/espeak-ng-data/lang/trk/kk
/home/jetson/ros2_ws/install/tts/share/tts/models/espeak-ng-data/lang/trk/ky
/home/jetson/ros2_ws/install/tts/share/tts/models/espeak-ng-data/lang/trk/nog
/home/jetson/ros2_ws/install/tts/share/tts/models/espeak-ng-data/lang/trk/uz
/home/jetson/ros2_ws/install/tts/share/tts/models/espeak-ng-data/lang/trk/az
/home/jetson/ros2_ws/install/tts/share/tts/models/espeak-ng-data/lang/trk/cv
/home/jetson/ros2_ws/install/tts/share/tts/models/espeak-ng-data/lang/trk/tr
/home/jetson/ros2_ws/install/tts/share/tts/models/espeak-ng-data/lang/gmw/en-US
/home/jetson/ros2_ws/install/tts/share/tts/models/espeak-ng-data/lang/gmw/en-GB-scotland
/home/jetson/ros2_ws/install/tts/share/tts/models/espeak-ng-data/lang/gmw/de
/home/jetson/ros2_ws/install/tts/share/tts/models/espeak-ng-data/lang/gmw/en-GB-x-rp
/home/jetson/ros2_ws/install/tts/share/tts/models/espeak-ng-data/lang/gmw/lb
/home/jetson/ros2_ws/install/tts/share/tts/models/espeak-ng-data/lang/gmw/en-029
/home/jetson/ros2_ws/install/tts/share/tts/models/espeak-ng-data/lang/gmw/en-GB-x-gbcwmd
/home/jetson/ros2_ws/install/tts/share/tts/models/espeak-ng-data/lang/gmw/en-US-nyc
/home/jetson/ros2_ws/install/tts/share/tts/models/espeak-ng-data/lang/gmw/en
/home/jetson/ros2_ws/install/tts/share/tts/models/espeak-ng-data/lang/gmw/nl
/home/jetson/ros2_ws/install/tts/share/tts/models/espeak-ng-data/lang/gmw/af
/home/jetson/ros2_ws/install/tts/share/tts/models/espeak-ng-data/lang/gmw/en-GB-x-gbclan
/home/jetson/ros2_ws/install/tts/share/tts/models/espeak-ng-data/lang/gmq/is
/home/jetson/ros2_ws/install/tts/share/tts/models/espeak-ng-data/lang/gmq/da
/home/jetson/ros2_ws/install/tts/share/tts/models/espeak-ng-data/lang/gmq/nb
/home/jetson/ros2_ws/install/tts/share/tts/models/espeak-ng-data/lang/gmq/sv
/home/jetson/ros2_ws/install/tts/share/tts/models/espeak-ng-data/lang/itc/la
/home/jetson/ros2_ws/install/tts/share/tts/models/espeak-ng-data/lang/zls/bg
/home/jetson/ros2_ws/install/tts/share/tts/models/espeak-ng-data/lang/zls/bs
/home/jetson/ros2_ws/install/tts/share/tts/models/espeak-ng-data/lang/zls/sr
/home/jetson/ros2_ws/install/tts/share/tts/models/espeak-ng-data/lang/zls/mk
/home/jetson/ros2_ws/install/tts/share/tts/models/espeak-ng-data/lang/zls/hr
/home/jetson/ros2_ws/install/tts/share/tts/models/espeak-ng-data/lang/zls/sl
/home/jetson/ros2_ws/install/tts/share/tts/models/espeak-ng-data/lang/cel/gd
/home/jetson/ros2_ws/install/tts/share/tts/models/espeak-ng-data/lang/cel/cy
/home/jetson/ros2_ws/install/tts/share/tts/models/espeak-ng-data/lang/cel/ga
/home/jetson/ros2_ws/install/tts/share/tts/models/espeak-ng-data/lang/ira/fa-Latn
/home/jetson/ros2_ws/install/tts/share/tts/models/espeak-ng-data/lang/ira/ku
/home/jetson/ros2_ws/install/tts/share/tts/models/espeak-ng-data/lang/ira/fa
/home/jetson/ros2_ws/install/tts/share/tts/models/espeak-ng-data/lang/esx/kl
/home/jetson/ros2_ws/install/tts/share/tts/models/espeak-ng-data/lang/iro/chr
/home/jetson/ros2_ws/install/tts/share/tts/models/espeak-ng-data/lang/cus/om
/home/jetson/ros2_ws/install/tts/share/tts/models/espeak-ng-data/lang/roa/an
/home/jetson/ros2_ws/install/tts/share/tts/models/espeak-ng-data/lang/roa/pap
/home/jetson/ros2_ws/install/tts/share/tts/models/espeak-ng-data/lang/roa/ht
/home/jetson/ros2_ws/install/tts/share/tts/models/espeak-ng-data/lang/roa/ro
/home/jetson/ros2_ws/install/tts/share/tts/models/espeak-ng-data/lang/roa/fr
/home/jetson/ros2_ws/install/tts/share/tts/models/espeak-ng-data/lang/roa/fr-CH
/home/jetson/ros2_ws/install/tts/share/tts/models/espeak-ng-data/lang/roa/pt
/home/jetson/ros2_ws/install/tts/share/tts/models/espeak-ng-data/lang/roa/fr-BE
/home/jetson/ros2_ws/install/tts/share/tts/models/espeak-ng-data/lang/roa/es-419
/home/jetson/ros2_ws/install/tts/share/tts/models/espeak-ng-data/lang/roa/pt-BR
/home/jetson/ros2_ws/install/tts/share/tts/models/espeak-ng-data/lang/roa/es
/home/jetson/ros2_ws/install/tts/share/tts/models/espeak-ng-data/lang/roa/it
/home/jetson/ros2_ws/install/tts/share/tts/models/espeak-ng-data/lang/roa/ca
/home/jetson/ros2_ws/install/tts/share/tts/models/espeak-ng-data/lang/sit/yue-Latn-jyutping
/home/jetson/ros2_ws/install/tts/share/tts/models/espeak-ng-data/lang/sit/my
/home/jetson/ros2_ws/install/tts/share/tts/models/espeak-ng-data/lang/sit/hak
/home/jetson/ros2_ws/install/tts/share/tts/models/espeak-ng-data/lang/sit/yue
/home/jetson/ros2_ws/install/tts/share/tts/models/espeak-ng-data/lang/sit/cmn
/home/jetson/ros2_ws/install/tts/share/tts/models/espeak-ng-data/lang/sit/cmn-Latn-pinyin
/home/jetson/ros2_ws/install/tts/share/tts/models/espeak-ng-data/lang/ccs/ka
/home/jetson/ros2_ws/install/tts/share/tts/models/espeak-ng-data/lang/bnt/tn
/home/jetson/ros2_ws/install/tts/share/tts/models/espeak-ng-data/lang/bnt/sw
/home/jetson/ros2_ws/install/tts/share/tts/models/espeak-ng-data/lang/grk/el
/home/jetson/ros2_ws/install/tts/share/tts/models/espeak-ng-data/lang/grk/grc
/home/jetson/ros2_ws/install/tts/share/tts/models/espeak-ng-data/lang/sai/gn
/home/jetson/ros2_ws/install/tts/share/tts/models/espeak-ng-data/lang/dra/te
/home/jetson/ros2_ws/install/tts/share/tts/models/espeak-ng-data/lang/dra/kn
/home/jetson/ros2_ws/install/tts/share/tts/models/espeak-ng-data/lang/dra/ml
/home/jetson/ros2_ws/install/tts/share/tts/models/espeak-ng-data/lang/dra/ta
/home/jetson/ros2_ws/install/tts/share/tts/models/espeak-ng-data/lang/azc/nci
/home/jetson/ros2_ws/install/tts/share/tts/models/espeak-ng-data/lang/urj/hu
/home/jetson/ros2_ws/install/tts/share/tts/models/espeak-ng-data/lang/urj/fi
/home/jetson/ros2_ws/install/tts/share/tts/models/espeak-ng-data/lang/urj/smj
/home/jetson/ros2_ws/install/tts/share/tts/models/espeak-ng-data/lang/urj/et
/home/jetson/ros2_ws/install/tts/share/tts/models/espeak-ng-data/lang/zle/be
/home/jetson/ros2_ws/install/tts/share/tts/models/espeak-ng-data/lang/zle/ru
/home/jetson/ros2_ws/install/tts/share/tts/models/espeak-ng-data/lang/zle/ru-cl
/home/jetson/ros2_ws/install/tts/share/tts/models/espeak-ng-data/lang/zle/ru-LV
/home/jetson/ros2_ws/install/tts/share/tts/models/espeak-ng-data/lang/zle/uk
/home/jetson/ros2_ws/install/tts/lib/python3.10/site-packages/tts-0.0.0-py3.10.egg-info/top_level.txt
/home/jetson/ros2_ws/install/tts/lib/python3.10/site-packages/tts-0.0.0-py3.10.egg-info/requires.txt
/home/jetson/ros2_ws/install/tts/lib/python3.10/site-packages/tts-0.0.0-py3.10.egg-info/SOURCES.txt
/home/jetson/ros2_ws/install/tts/lib/python3.10/site-packages/tts-0.0.0-py3.10.egg-info/entry_points.txt
/home/jetson/ros2_ws/install/tts/lib/python3.10/site-packages/tts-0.0.0-py3.10.egg-info/PKG-INFO
/home/jetson/ros2_ws/install/tts/lib/python3.10/site-packages/tts-0.0.0-py3.10.egg-info/zip-safe
/home/jetson/ros2_ws/install/tts/lib/python3.10/site-packages/tts-0.0.0-py3.10.egg-info/dependency_links.txt
/home/jetson/ros2_ws/install/tts/lib/tts/tts_node
