[1.545s] Invoking command in '/home/jetson/ros2_ws/src/tts': PYTHONPATH=/home/jetson/ros2_ws/build/tts/prefix_override:/usr/lib/python3/dist-packages/colcon_core/task/python/colcon_distutils_commands:/home/jetson/ros2_ws/install/tts/lib/python3.10/site-packages:${PYTHONPATH} /usr/bin/python3 -W ignore:setup.py install is deprecated -W ignore:easy_install command is deprecated setup.py egg_info --egg-base ../../build/tts build --build-base /home/jetson/ros2_ws/build/tts/build install --record /home/jetson/ros2_ws/build/tts/install.log --single-version-externally-managed install_data
[2.072s] running egg_info
[2.073s] writing ../../build/tts/tts.egg-info/PKG-INFO
[2.077s] writing dependency_links to ../../build/tts/tts.egg-info/dependency_links.txt
[2.078s] writing entry points to ../../build/tts/tts.egg-info/entry_points.txt
[2.078s] writing requirements to ../../build/tts/tts.egg-info/requires.txt
[2.078s] writing top-level names to ../../build/tts/tts.egg-info/top_level.txt
[2.098s] reading manifest file '../../build/tts/tts.egg-info/SOURCES.txt'
[2.109s] writing manifest file '../../build/tts/tts.egg-info/SOURCES.txt'
[2.109s] running build
[2.109s] running build_py
[2.113s] running install
[2.114s] running install_lib
[2.118s] running install_data
[2.154s] running install_egg_info
[2.158s] removing '/home/jetson/ros2_ws/install/tts/lib/python3.10/site-packages/tts-0.0.0-py3.10.egg-info' (and everything under it)
[2.159s] Copying ../../build/tts/tts.egg-info to /home/jetson/ros2_ws/install/tts/lib/python3.10/site-packages/tts-0.0.0-py3.10.egg-info
[2.164s] running install_scripts
[2.207s] Installing tts_node script to /home/jetson/ros2_ws/install/tts/lib/tts
[2.212s] writing list of installed files to '/home/jetson/ros2_ws/build/tts/install.log'
[2.319s] Invoked command in '/home/jetson/ros2_ws/src/tts' returned '0': PYTHONPATH=/home/jetson/ros2_ws/build/tts/prefix_override:/usr/lib/python3/dist-packages/colcon_core/task/python/colcon_distutils_commands:/home/jetson/ros2_ws/install/tts/lib/python3.10/site-packages:${PYTHONPATH} /usr/bin/python3 -W ignore:setup.py install is deprecated -W ignore:easy_install command is deprecated setup.py egg_info --egg-base ../../build/tts build --build-base /home/jetson/ros2_ws/build/tts/build install --record /home/jetson/ros2_ws/build/tts/install.log --single-version-externally-managed install_data
