[1.372s] Invoking command in '/home/jetson/ros2_ws/src/no_ill_bringup': CMAKE_PREFIX_PATH=/home/jetson/ros2_ws/install/ydlidar_ros2_driver:/home/jetson/ros2_ws/install/safety_override_pkg:/home/jetson/ros2_ws/install/rf2o_laser_odometry:/home/jetson/ros2_ws/install/person_override_pkg:/home/jetson/ros2_ws/install/chat_stop_gate:/home/jetson/ros2_ws/install/tracking_drive_test:/home/jetson/ros2_ws/install/pca_drive:/home/jetson/ros2_ws/install/keyboard_latch_cpp PYTHONPATH=/home/jetson/ros2_ws/build/no_ill_bringup/prefix_override:/usr/lib/python3/dist-packages/colcon_core/task/python/colcon_distutils_commands:/home/jetson/ros2_ws/install/no_ill_bringup/lib/python3.10/site-packages:${PYTHONPATH} /usr/bin/python3 -W ignore:setup.py install is deprecated -W ignore:easy_install command is deprecated setup.py egg_info --egg-base ../../build/no_ill_bringup build --build-base /home/jetson/ros2_ws/build/no_ill_bringup/build install --record /home/jetson/ros2_ws/build/no_ill_bringup/install.log --single-version-externally-managed install_data
[1.911s] running egg_info
[1.913s] writing ../../build/no_ill_bringup/no_ill_bringup.egg-info/PKG-INFO
[1.913s] writing dependency_links to ../../build/no_ill_bringup/no_ill_bringup.egg-info/dependency_links.txt
[1.913s] writing entry points to ../../build/no_ill_bringup/no_ill_bringup.egg-info/entry_points.txt
[1.914s] writing requirements to ../../build/no_ill_bringup/no_ill_bringup.egg-info/requires.txt
[1.914s] writing top-level names to ../../build/no_ill_bringup/no_ill_bringup.egg-info/top_level.txt
[1.918s] reading manifest file '../../build/no_ill_bringup/no_ill_bringup.egg-info/SOURCES.txt'
[1.919s] writing manifest file '../../build/no_ill_bringup/no_ill_bringup.egg-info/SOURCES.txt'
[1.920s] running build
[1.920s] running build_py
[1.920s] running install
[1.921s] running install_lib
[1.924s] running install_data
[1.926s] running install_egg_info
[1.929s] removing '/home/jetson/ros2_ws/install/no_ill_bringup/lib/python3.10/site-packages/no_ill_bringup-1.0.0-py3.10.egg-info' (and everything under it)
[1.930s] Copying ../../build/no_ill_bringup/no_ill_bringup.egg-info to /home/jetson/ros2_ws/install/no_ill_bringup/lib/python3.10/site-packages/no_ill_bringup-1.0.0-py3.10.egg-info
[1.932s] running install_scripts
[1.973s] writing list of installed files to '/home/jetson/ros2_ws/build/no_ill_bringup/install.log'
[2.047s] Invoked command in '/home/jetson/ros2_ws/src/no_ill_bringup' returned '0': CMAKE_PREFIX_PATH=/home/jetson/ros2_ws/install/ydlidar_ros2_driver:/home/jetson/ros2_ws/install/safety_override_pkg:/home/jetson/ros2_ws/install/rf2o_laser_odometry:/home/jetson/ros2_ws/install/person_override_pkg:/home/jetson/ros2_ws/install/chat_stop_gate:/home/jetson/ros2_ws/install/tracking_drive_test:/home/jetson/ros2_ws/install/pca_drive:/home/jetson/ros2_ws/install/keyboard_latch_cpp PYTHONPATH=/home/jetson/ros2_ws/build/no_ill_bringup/prefix_override:/usr/lib/python3/dist-packages/colcon_core/task/python/colcon_distutils_commands:/home/jetson/ros2_ws/install/no_ill_bringup/lib/python3.10/site-packages:${PYTHONPATH} /usr/bin/python3 -W ignore:setup.py install is deprecated -W ignore:easy_install command is deprecated setup.py egg_info --egg-base ../../build/no_ill_bringup build --build-base /home/jetson/ros2_ws/build/no_ill_bringup/build install --record /home/jetson/ros2_ws/build/no_ill_bringup/install.log --single-version-externally-managed install_data
