[1.178s] Invoking command in '/home/jetson/ros2_ws/src/yolo_detector/build/yolo_detector': PYTHONPATH=/home/jetson/ros2_ws/src/yolo_detector/build/yolo_detector/prefix_override:/usr/lib/python3/dist-packages/colcon_core/task/python/colcon_distutils_commands:/home/jetson/ros2_ws/src/yolo_detector/install/yolo_detector/lib/python3.10/site-packages:${PYTHONPATH} /usr/bin/python3 -W ignore:setup.py install is deprecated -W ignore:easy_install command is deprecated setup.py develop --editable --build-directory /home/jetson/ros2_ws/src/yolo_detector/build/yolo_detector/build --no-deps symlink_data
[1.678s] running develop
[1.988s] running egg_info
[1.988s] creating yolo_detector.egg-info
[1.988s] writing yolo_detector.egg-info/PKG-INFO
[1.989s] writing dependency_links to yolo_detector.egg-info/dependency_links.txt
[1.989s] writing entry points to yolo_detector.egg-info/entry_points.txt
[1.989s] writing requirements to yolo_detector.egg-info/requires.txt
[1.989s] writing top-level names to yolo_detector.egg-info/top_level.txt
[1.990s] writing manifest file 'yolo_detector.egg-info/SOURCES.txt'
[1.993s] reading manifest file 'yolo_detector.egg-info/SOURCES.txt'
[1.994s] writing manifest file 'yolo_detector.egg-info/SOURCES.txt'
[1.997s] running build_ext
[1.997s] Creating /home/jetson/ros2_ws/src/yolo_detector/install/yolo_detector/lib/python3.10/site-packages/yolo-detector.egg-link (link to .)
[1.999s] Installing detect_node script to /home/jetson/ros2_ws/src/yolo_detector/install/yolo_detector/lib/yolo_detector
[1.999s] 
[2.000s] Installed /home/jetson/ros2_ws/src/yolo_detector/build/yolo_detector
[2.000s] running symlink_data
[2.000s] creating /home/jetson/ros2_ws/src/yolo_detector/install/yolo_detector/share/ament_index
[2.000s] creating /home/jetson/ros2_ws/src/yolo_detector/install/yolo_detector/share/ament_index/resource_index
[2.000s] creating /home/jetson/ros2_ws/src/yolo_detector/install/yolo_detector/share/ament_index/resource_index/packages
[2.000s] symbolically linking /home/jetson/ros2_ws/src/yolo_detector/build/yolo_detector/resource/yolo_detector -> /home/jetson/ros2_ws/src/yolo_detector/install/yolo_detector/share/ament_index/resource_index/packages
[2.000s] symbolically linking /home/jetson/ros2_ws/src/yolo_detector/build/yolo_detector/package.xml -> /home/jetson/ros2_ws/src/yolo_detector/install/yolo_detector/share/yolo_detector
[2.001s] creating /home/jetson/ros2_ws/src/yolo_detector/install/yolo_detector/share/yolo_detector/models
[2.001s] symbolically linking /home/jetson/ros2_ws/src/yolo_detector/build/yolo_detector/models/best_640.onnx -> /home/jetson/ros2_ws/src/yolo_detector/install/yolo_detector/share/yolo_detector/models
[2.001s] symbolically linking /home/jetson/ros2_ws/src/yolo_detector/build/yolo_detector/models/best.onnx -> /home/jetson/ros2_ws/src/yolo_detector/install/yolo_detector/share/yolo_detector/models
[2.001s] symbolically linking /home/jetson/ros2_ws/src/yolo_detector/build/yolo_detector/models/best.pt -> /home/jetson/ros2_ws/src/yolo_detector/install/yolo_detector/share/yolo_detector/models
[2.001s] symbolically linking /home/jetson/ros2_ws/src/yolo_detector/build/yolo_detector/models/best.engine -> /home/jetson/ros2_ws/src/yolo_detector/install/yolo_detector/share/yolo_detector/models
[2.074s] Invoked command in '/home/jetson/ros2_ws/src/yolo_detector/build/yolo_detector' returned '0': PYTHONPATH=/home/jetson/ros2_ws/src/yolo_detector/build/yolo_detector/prefix_override:/usr/lib/python3/dist-packages/colcon_core/task/python/colcon_distutils_commands:/home/jetson/ros2_ws/src/yolo_detector/install/yolo_detector/lib/python3.10/site-packages:${PYTHONPATH} /usr/bin/python3 -W ignore:setup.py install is deprecated -W ignore:easy_install command is deprecated setup.py develop --editable --build-directory /home/jetson/ros2_ws/src/yolo_detector/build/yolo_detector/build --no-deps symlink_data
