[1.311s] Invoking command in '/home/jetson/ros2_ws/src/robot_bringup': PYTHONPATH=/home/jetson/ros2_ws/build/robot_bringup/prefix_override:/usr/lib/python3/dist-packages/colcon_core/task/python/colcon_distutils_commands:/home/jetson/ros2_ws/install/robot_bringup/lib/python3.10/site-packages:${PYTHONPATH} /usr/bin/python3 -W ignore:setup.py install is deprecated -W ignore:easy_install command is deprecated setup.py egg_info --egg-base ../../build/robot_bringup build --build-base /home/jetson/ros2_ws/build/robot_bringup/build install --record /home/jetson/ros2_ws/build/robot_bringup/install.log --single-version-externally-managed install_data
[1.805s] running egg_info
[1.806s] writing ../../build/robot_bringup/robot_bringup.egg-info/PKG-INFO
[2.392s] writing dependency_links to ../../build/robot_bringup/robot_bringup.egg-info/dependency_links.txt
[2.393s] writing entry points to ../../build/robot_bringup/robot_bringup.egg-info/entry_points.txt
[2.393s] writing requirements to ../../build/robot_bringup/robot_bringup.egg-info/requires.txt
[2.407s] writing top-level names to ../../build/robot_bringup/robot_bringup.egg-info/top_level.txt
[2.425s] reading manifest file '../../build/robot_bringup/robot_bringup.egg-info/SOURCES.txt'
[2.428s] writing manifest file '../../build/robot_bringup/robot_bringup.egg-info/SOURCES.txt'
[2.434s] running build
[2.434s] running build_py
[2.436s] running install
[2.438s] running install_lib
[2.447s] running install_data
[2.447s] copying config/nav2_params.yaml -> /home/jetson/ros2_ws/install/robot_bringup/share/robot_bringup/config
[2.448s] running install_egg_info
[2.460s] removing '/home/jetson/ros2_ws/install/robot_bringup/lib/python3.10/site-packages/robot_bringup-0.0.0-py3.10.egg-info' (and everything under it)
[2.461s] Copying ../../build/robot_bringup/robot_bringup.egg-info to /home/jetson/ros2_ws/install/robot_bringup/lib/python3.10/site-packages/robot_bringup-0.0.0-py3.10.egg-info
[2.465s] running install_scripts
[2.533s] writing list of installed files to '/home/jetson/ros2_ws/build/robot_bringup/install.log'
[2.854s] Invoked command in '/home/jetson/ros2_ws/src/robot_bringup' returned '0': PYTHONPATH=/home/jetson/ros2_ws/build/robot_bringup/prefix_override:/usr/lib/python3/dist-packages/colcon_core/task/python/colcon_distutils_commands:/home/jetson/ros2_ws/install/robot_bringup/lib/python3.10/site-packages:${PYTHONPATH} /usr/bin/python3 -W ignore:setup.py install is deprecated -W ignore:easy_install command is deprecated setup.py egg_info --egg-base ../../build/robot_bringup build --build-base /home/jetson/ros2_ws/build/robot_bringup/build install --record /home/jetson/ros2_ws/build/robot_bringup/install.log --single-version-externally-managed install_data
