[1.301s] Invoking command in '/home/jetson/ros2_ws/src/no_ill_bringup': CMAKE_PREFIX_PATH=/home/jetson/ros2_ws/install/ydlidar_ros2_driver:/home/jetson/ros2_ws/install/safety_override_pkg:/home/jetson/ros2_ws/install/rf2o_laser_odometry:/home/jetson/ros2_ws/install/person_override_pkg:/home/jetson/ros2_ws/install/chat_stop_gate:/home/jetson/ros2_ws/install/tracking_drive_test:/home/jetson/ros2_ws/install/pca_drive:/home/jetson/ros2_ws/install/keyboard_latch_cpp PYTHONPATH=/home/jetson/ros2_ws/build/no_ill_bringup/prefix_override:/usr/lib/python3/dist-packages/colcon_core/task/python/colcon_distutils_commands:/home/jetson/ros2_ws/install/no_ill_bringup/lib/python3.10/site-packages:${PYTHONPATH} /usr/bin/python3 -W ignore:setup.py install is deprecated -W ignore:easy_install command is deprecated setup.py egg_info --egg-base ../../build/no_ill_bringup build --build-base /home/jetson/ros2_ws/build/no_ill_bringup/build install --record /home/jetson/ros2_ws/build/no_ill_bringup/install.log --single-version-externally-managed install_data
[1.793s] running egg_info
[1.793s] creating ../../build/no_ill_bringup/no_ill_bringup.egg-info
[1.794s] writing ../../build/no_ill_bringup/no_ill_bringup.egg-info/PKG-INFO
[1.794s] writing dependency_links to ../../build/no_ill_bringup/no_ill_bringup.egg-info/dependency_links.txt
[1.795s] writing entry points to ../../build/no_ill_bringup/no_ill_bringup.egg-info/entry_points.txt
[1.795s] writing requirements to ../../build/no_ill_bringup/no_ill_bringup.egg-info/requires.txt
[1.795s] writing top-level names to ../../build/no_ill_bringup/no_ill_bringup.egg-info/top_level.txt
[1.795s] writing manifest file '../../build/no_ill_bringup/no_ill_bringup.egg-info/SOURCES.txt'
[1.798s] reading manifest file '../../build/no_ill_bringup/no_ill_bringup.egg-info/SOURCES.txt'
[1.799s] writing manifest file '../../build/no_ill_bringup/no_ill_bringup.egg-info/SOURCES.txt'
[1.800s] running build
[1.800s] running build_py
[1.800s] creating /home/jetson/ros2_ws/build/no_ill_bringup/build
[1.800s] creating /home/jetson/ros2_ws/build/no_ill_bringup/build/lib
[1.800s] creating /home/jetson/ros2_ws/build/no_ill_bringup/build/lib/no_ill_bringup
[1.800s] copying no_ill_bringup/__init__.py -> /home/jetson/ros2_ws/build/no_ill_bringup/build/lib/no_ill_bringup
[1.800s] running install
[1.801s] running install_lib
[1.802s] creating /home/jetson/ros2_ws/install/no_ill_bringup/lib/python3.10/site-packages/no_ill_bringup
[1.803s] copying /home/jetson/ros2_ws/build/no_ill_bringup/build/lib/no_ill_bringup/__init__.py -> /home/jetson/ros2_ws/install/no_ill_bringup/lib/python3.10/site-packages/no_ill_bringup
[1.804s] byte-compiling /home/jetson/ros2_ws/install/no_ill_bringup/lib/python3.10/site-packages/no_ill_bringup/__init__.py to __init__.cpython-310.pyc
[1.805s] running install_data
[1.805s] creating /home/jetson/ros2_ws/install/no_ill_bringup/share/ament_index
[1.805s] creating /home/jetson/ros2_ws/install/no_ill_bringup/share/ament_index/resource_index
[1.805s] creating /home/jetson/ros2_ws/install/no_ill_bringup/share/ament_index/resource_index/packages
[1.805s] copying resource/no_ill_bringup -> /home/jetson/ros2_ws/install/no_ill_bringup/share/ament_index/resource_index/packages
[1.805s] copying package.xml -> /home/jetson/ros2_ws/install/no_ill_bringup/share/no_ill_bringup
[1.805s] creating /home/jetson/ros2_ws/install/no_ill_bringup/share/no_ill_bringup/launch
[1.806s] creating /home/jetson/ros2_ws/install/no_ill_bringup/share/no_ill_bringup/config
[1.806s] copying config/nav2_params.yaml -> /home/jetson/ros2_ws/install/no_ill_bringup/share/no_ill_bringup/config
[1.806s] copying config/twist_mux.yaml -> /home/jetson/ros2_ws/install/no_ill_bringup/share/no_ill_bringup/config
[1.806s] creating /home/jetson/ros2_ws/install/no_ill_bringup/share/no_ill_bringup/maps
[1.806s] copying maps/home_map.pgm -> /home/jetson/ros2_ws/install/no_ill_bringup/share/no_ill_bringup/maps
[1.807s] copying maps/home_map.yaml -> /home/jetson/ros2_ws/install/no_ill_bringup/share/no_ill_bringup/maps
[1.807s] creating /home/jetson/ros2_ws/install/no_ill_bringup/share/no_ill_bringup/rviz
[1.807s] running install_egg_info
[1.811s] Copying ../../build/no_ill_bringup/no_ill_bringup.egg-info to /home/jetson/ros2_ws/install/no_ill_bringup/lib/python3.10/site-packages/no_ill_bringup-1.0.0-py3.10.egg-info
[1.812s] running install_scripts
[1.851s] writing list of installed files to '/home/jetson/ros2_ws/build/no_ill_bringup/install.log'
[1.915s] Invoked command in '/home/jetson/ros2_ws/src/no_ill_bringup' returned '0': CMAKE_PREFIX_PATH=/home/jetson/ros2_ws/install/ydlidar_ros2_driver:/home/jetson/ros2_ws/install/safety_override_pkg:/home/jetson/ros2_ws/install/rf2o_laser_odometry:/home/jetson/ros2_ws/install/person_override_pkg:/home/jetson/ros2_ws/install/chat_stop_gate:/home/jetson/ros2_ws/install/tracking_drive_test:/home/jetson/ros2_ws/install/pca_drive:/home/jetson/ros2_ws/install/keyboard_latch_cpp PYTHONPATH=/home/jetson/ros2_ws/build/no_ill_bringup/prefix_override:/usr/lib/python3/dist-packages/colcon_core/task/python/colcon_distutils_commands:/home/jetson/ros2_ws/install/no_ill_bringup/lib/python3.10/site-packages:${PYTHONPATH} /usr/bin/python3 -W ignore:setup.py install is deprecated -W ignore:easy_install command is deprecated setup.py egg_info --egg-base ../../build/no_ill_bringup build --build-base /home/jetson/ros2_ws/build/no_ill_bringup/build install --record /home/jetson/ros2_ws/build/no_ill_bringup/install.log --single-version-externally-managed install_data
