[1.283s] Invoking command in '/home/jetson/ros2_ws/build/yolo_detector': PYTHONPATH=/home/jetson/ros2_ws/build/yolo_detector/prefix_override:/usr/lib/python3/dist-packages/colcon_core/task/python/colcon_distutils_commands:/home/jetson/ros2_ws/install/yolo_detector/lib/python3.10/site-packages:${PYTHONPATH} /usr/bin/python3 -W ignore:setup.py install is deprecated -W ignore:easy_install command is deprecated setup.py develop --editable --build-directory /home/jetson/ros2_ws/build/yolo_detector/build --no-deps symlink_data
[1.804s] running develop
[2.129s] running egg_info
[2.130s] creating yolo_detector.egg-info
[2.130s] writing yolo_detector.egg-info/PKG-INFO
[2.130s] writing dependency_links to yolo_detector.egg-info/dependency_links.txt
[2.131s] writing entry points to yolo_detector.egg-info/entry_points.txt
[2.131s] writing requirements to yolo_detector.egg-info/requires.txt
[2.131s] writing top-level names to yolo_detector.egg-info/top_level.txt
[2.131s] writing manifest file 'yolo_detector.egg-info/SOURCES.txt'
[2.135s] reading manifest file 'yolo_detector.egg-info/SOURCES.txt'
[2.136s] writing manifest file 'yolo_detector.egg-info/SOURCES.txt'
[2.139s] running build_ext
[2.139s] Creating /home/jetson/ros2_ws/install/yolo_detector/lib/python3.10/site-packages/yolo-detector.egg-link (link to .)
[2.141s] Installing detect_node script to /home/jetson/ros2_ws/install/yolo_detector/lib/yolo_detector
[2.141s] 
[2.141s] Installed /home/jetson/ros2_ws/build/yolo_detector
[2.141s] running symlink_data
[2.141s] creating /home/jetson/ros2_ws/install/yolo_detector/share/ament_index
[2.142s] creating /home/jetson/ros2_ws/install/yolo_detector/share/ament_index/resource_index
[2.142s] creating /home/jetson/ros2_ws/install/yolo_detector/share/ament_index/resource_index/packages
[2.142s] symbolically linking /home/jetson/ros2_ws/build/yolo_detector/resource/yolo_detector -> /home/jetson/ros2_ws/install/yolo_detector/share/ament_index/resource_index/packages
[2.142s] symbolically linking /home/jetson/ros2_ws/build/yolo_detector/package.xml -> /home/jetson/ros2_ws/install/yolo_detector/share/yolo_detector
[2.142s] creating /home/jetson/ros2_ws/install/yolo_detector/share/yolo_detector/models
[2.142s] symbolically linking /home/jetson/ros2_ws/build/yolo_detector/models/best.onnx -> /home/jetson/ros2_ws/install/yolo_detector/share/yolo_detector/models
[2.142s] symbolically linking /home/jetson/ros2_ws/build/yolo_detector/models/best.pt -> /home/jetson/ros2_ws/install/yolo_detector/share/yolo_detector/models
[2.143s] symbolically linking /home/jetson/ros2_ws/build/yolo_detector/models/best.engine -> /home/jetson/ros2_ws/install/yolo_detector/share/yolo_detector/models
[2.222s] Invoked command in '/home/jetson/ros2_ws/build/yolo_detector' returned '0': PYTHONPATH=/home/jetson/ros2_ws/build/yolo_detector/prefix_override:/usr/lib/python3/dist-packages/colcon_core/task/python/colcon_distutils_commands:/home/jetson/ros2_ws/install/yolo_detector/lib/python3.10/site-packages:${PYTHONPATH} /usr/bin/python3 -W ignore:setup.py install is deprecated -W ignore:easy_install command is deprecated setup.py develop --editable --build-directory /home/jetson/ros2_ws/build/yolo_detector/build --no-deps symlink_data
